[kbplacer_plugin_action.py:65]: Plugin version: 0.13
[kbplacer_plugin_action.py:66]: Python version: '3.11.5 (main, May 10 2024, 05:24:12) [MSC v.1939 64 bit (AMD64)]'
[kbplacer_plugin_action.py:67]: KiCad version: 8.0.3 with 4.2.0 msw (phoenix) wxWidgets 3.2.4
[kbplacer_dialog.py:586]: Language: en
[kbplacer_plugin_action.py:75]: GUI state: {"layout_path": "H:\\keyboard-layout(1).json", "key_distance": [19.05, 19.05], "key_info": {"annotation_format": "S{}", "position_option": "Default", "position": {"x": 0.0, "y": 0.0, "orientation": 0.0, "side": "Front"}, "template_path": ""}, "enable_diode_placement": true, "route_switches_with_diodes": true, "optimize_diodes_orientation": true, "diode_info": {"annotation_format": "D{}", "position_option": "Custom", "position": {"x": 8.0, "y": -1.0, "orientation": 90.0, "side": "Back"}, "template_path": ""}, "additional_elements": [{"annotation_format": "ST{}", "position_option": "Custom", "position": {"x": 0.0, "y": 0.0, "orientation": 0.0, "side": "Front"}, "template_path": ""}], "route_rows_and_columns": false, "template_path": "C:\\Users\\serve844\\Desktop\\New folder\\solarkey\\SolarKey\\SolarKey.kicad_pcb", "generate_outline": false, "outline_delta": 0.0}
[key_placer.py:362]: Set key 1U distance: 19050000/19050000
[key_placer.py:124]: Switches by nets: defaultdict(<class 'list'>, {frozenset({'col10', 'row3'}): ['S47'], frozenset({'row3', 'col9'}): ['S46'], frozenset({'row3', 'col8'}): ['S45'], frozenset({'col7', 'row3'}): ['S44'], frozenset({'col6', 'row3'}): ['S43'], frozenset({'col5', 'row3'}): ['S42'], frozenset({'row3', 'col4'}): ['S41'], frozenset({'col3', 'row3'}): ['S40'], frozenset({'col2', 'row3'}): ['S39'], frozenset({'col1', 'row3'}): ['S38'], frozenset({'row3', 'col0'}): ['S37'], frozenset({'col11', 'row2'}): ['S36'], frozenset({'col10', 'row2'}): ['S35'], frozenset({'row2', 'col9'}): ['S34'], frozenset({'row2', 'col8'}): ['S33'], frozenset({'col7', 'row2'}): ['S32'], frozenset({'col6', 'row2'}): ['S31'], frozenset({'col5', 'row2'}): ['S30'], frozenset({'row2', 'col4'}): ['S29'], frozenset({'col3', 'row2'}): ['S28'], frozenset({'col2', 'row2'}): ['S27'], frozenset({'col1', 'row2'}): ['S26'], frozenset({'row2', 'col0'}): ['S25'], frozenset({'col11', 'row1'}): ['S24'], frozenset({'row1', 'col10'}): ['S23'], frozenset({'row1', 'col9'}): ['S22'], frozenset({'row1', 'col8'}): ['S21'], frozenset({'row1', 'col7'}): ['S20'], frozenset({'col6', 'row1'}): ['S19'], frozenset({'col5', 'row1'}): ['S18'], frozenset({'row1', 'col4'}): ['S17'], frozenset({'row1', 'col3'}): ['S16'], frozenset({'col2', 'row1'}): ['S15'], frozenset({'col1', 'row1'}): ['S14'], frozenset({'row1', 'col0'}): ['S13'], frozenset({'col11', 'row0'}): ['S12'], frozenset({'row0', 'col10'}): ['S11'], frozenset({'row0', 'col9'}): ['S10'], frozenset({'row0', 'col8'}): ['S9'], frozenset({'row0', 'col7'}): ['S8'], frozenset({'row0', 'col6'}): ['S7'], frozenset({'row0', 'col5'}): ['S6'], frozenset({'row0', 'col4'}): ['S5'], frozenset({'row0', 'col3'}): ['S4'], frozenset({'row0', 'col2'}): ['S3'], frozenset({'col1', 'row0'}): ['S2'], frozenset({'row0', 'col0'}): ['S1']})
[key_placer.py:128]: Diodes by switch: {'S47': ['D47'], 'S46': ['D46'], 'S45': ['D45'], 'S44': ['D44'], 'S43': ['D43'], 'S42': ['D42'], 'S41': ['D41'], 'S40': ['D40'], 'S39': ['D39'], 'S38': ['D38'], 'S37': ['D37'], 'S36': ['D36'], 'S35': ['D35'], 'S34': ['D34'], 'S33': ['D33'], 'S32': ['D32'], 'S31': ['D31'], 'S30': ['D30'], 'S29': ['D29'], 'S28': ['D28'], 'S27': ['D27'], 'S26': ['D26'], 'S25': ['D25'], 'S24': ['D24'], 'S23': ['D23'], 'S22': ['D22'], 'S21': ['D21'], 'S20': ['D20'], 'S19': ['D19'], 'S18': ['D18'], 'S17': ['D17'], 'S16': ['D16'], 'S15': ['D15'], 'S14': ['D14'], 'S13': ['D13'], 'S12': ['D12'], 'S11': ['D11'], 'S10': ['D10'], 'S9': ['D9'], 'S8': ['D8'], 'S7': ['D7'], 'S6': ['D6'], 'S5': ['D5'], 'S4': ['D4'], 'S3': ['D3'], 'S2': ['D2'], 'S1': ['D1']}
[kle_serial.py:897]: User layout: [[{'y': 1, 'a': 7}, '', '', '', '', '', '', '', '', '', '', '', ''], ['', '', '', '', '', '', '', '', '', '', '', ''], ['', '', '', '', '', '', '', '', '', '', '', ''], ['', '', '', '', '', {'w': 2}, '', '', '', '', '', '']]
[key_placer.py:662]: Layout offset: (28575000, 28575000)
[board_modifier.py:85]: Setting S1 footprint position: (38100000, 57150000)
[board_modifier.py:85]: Setting S2 footprint position: (57150000, 57150000)
[board_modifier.py:85]: Setting S3 footprint position: (76200000, 57150000)
[board_modifier.py:85]: Setting S4 footprint position: (95250000, 57150000)
[board_modifier.py:85]: Setting S5 footprint position: (114300000, 57150000)
[board_modifier.py:85]: Setting S6 footprint position: (133350000, 57150000)
[board_modifier.py:85]: Setting S7 footprint position: (152400000, 57150000)
[board_modifier.py:85]: Setting S8 footprint position: (171450000, 57150000)
[board_modifier.py:85]: Setting S9 footprint position: (190500000, 57150000)
[board_modifier.py:85]: Setting S10 footprint position: (209550000, 57150000)
[board_modifier.py:85]: Setting S11 footprint position: (228600000, 57150000)
[board_modifier.py:85]: Setting S12 footprint position: (247650000, 57150000)
[board_modifier.py:85]: Setting S13 footprint position: (38100000, 76200000)
[board_modifier.py:85]: Setting S14 footprint position: (57150000, 76200000)
[board_modifier.py:85]: Setting S15 footprint position: (76200000, 76200000)
[board_modifier.py:85]: Setting S16 footprint position: (95250000, 76200000)
[board_modifier.py:85]: Setting S17 footprint position: (114300000, 76200000)
[board_modifier.py:85]: Setting S18 footprint position: (133350000, 76200000)
[board_modifier.py:85]: Setting S19 footprint position: (152400000, 76200000)
[board_modifier.py:85]: Setting S20 footprint position: (171450000, 76200000)
[board_modifier.py:85]: Setting S21 footprint position: (190500000, 76200000)
[board_modifier.py:85]: Setting S22 footprint position: (209550000, 76200000)
[board_modifier.py:85]: Setting S23 footprint position: (228600000, 76200000)
[board_modifier.py:85]: Setting S24 footprint position: (247650000, 76200000)
[board_modifier.py:85]: Setting S25 footprint position: (38100000, 95250000)
[board_modifier.py:85]: Setting S26 footprint position: (57150000, 95250000)
[board_modifier.py:85]: Setting S27 footprint position: (76200000, 95250000)
[board_modifier.py:85]: Setting S28 footprint position: (95250000, 95250000)
[board_modifier.py:85]: Setting S29 footprint position: (114300000, 95250000)
[board_modifier.py:85]: Setting S30 footprint position: (133350000, 95250000)
[board_modifier.py:85]: Setting S31 footprint position: (152400000, 95250000)
[board_modifier.py:85]: Setting S32 footprint position: (171450000, 95250000)
[board_modifier.py:85]: Setting S33 footprint position: (190500000, 95250000)
[board_modifier.py:85]: Setting S34 footprint position: (209550000, 95250000)
[board_modifier.py:85]: Setting S35 footprint position: (228600000, 95250000)
[board_modifier.py:85]: Setting S36 footprint position: (247650000, 95250000)
[board_modifier.py:85]: Setting S37 footprint position: (38100000, 114300000)
[board_modifier.py:85]: Setting S38 footprint position: (57150000, 114300000)
[board_modifier.py:85]: Setting S39 footprint position: (76200000, 114300000)
[board_modifier.py:85]: Setting S40 footprint position: (95250000, 114300000)
[board_modifier.py:85]: Setting S41 footprint position: (114300000, 114300000)
[board_modifier.py:85]: Setting S42 footprint position: (142875000, 114300000)
[board_modifier.py:85]: Setting S43 footprint position: (171450000, 114300000)
[board_modifier.py:85]: Setting S44 footprint position: (190500000, 114300000)
[board_modifier.py:85]: Setting S45 footprint position: (209550000, 114300000)
[board_modifier.py:85]: Setting S46 footprint position: (228600000, 114300000)
[board_modifier.py:85]: Setting S47 footprint position: (247650000, 114300000)
[key_placer.py:999]: Diode info: [ElementInfo(annotation_format='D{}', position_option=<PositionOption.CUSTOM: 'Custom'>, position=ElementPosition(x=8.0, y=-1.0, orientation=90.0, side=<Side.BACK: 'Back'>), template_path='')]
[board_modifier.py:98]: Getting S1 footprint position: (38100000, 57150000)
[board_modifier.py:85]: Setting D1 footprint position: (46100000, 56150000)
[board_modifier.py:98]: Getting S2 footprint position: (57150000, 57150000)
[board_modifier.py:85]: Setting D2 footprint position: (65150000, 56150000)
[board_modifier.py:98]: Getting S3 footprint position: (76200000, 57150000)
[board_modifier.py:85]: Setting D3 footprint position: (84200000, 56150000)
[board_modifier.py:98]: Getting S4 footprint position: (95250000, 57150000)
[board_modifier.py:85]: Setting D4 footprint position: (103250000, 56150000)
[board_modifier.py:98]: Getting S5 footprint position: (114300000, 57150000)
[board_modifier.py:85]: Setting D5 footprint position: (122300000, 56150000)
[board_modifier.py:98]: Getting S6 footprint position: (133350000, 57150000)
[board_modifier.py:85]: Setting D6 footprint position: (141350000, 56150000)
[board_modifier.py:98]: Getting S7 footprint position: (152400000, 57150000)
[board_modifier.py:85]: Setting D7 footprint position: (160400000, 56150000)
[board_modifier.py:98]: Getting S8 footprint position: (171450000, 57150000)
[board_modifier.py:85]: Setting D8 footprint position: (179450000, 56150000)
[board_modifier.py:98]: Getting S9 footprint position: (190500000, 57150000)
[board_modifier.py:85]: Setting D9 footprint position: (198500000, 56150000)
[board_modifier.py:98]: Getting S10 footprint position: (209550000, 57150000)
[board_modifier.py:85]: Setting D10 footprint position: (217550000, 56150000)
[board_modifier.py:98]: Getting S11 footprint position: (228600000, 57150000)
[board_modifier.py:85]: Setting D11 footprint position: (236600000, 56150000)
[board_modifier.py:98]: Getting S12 footprint position: (247650000, 57150000)
[board_modifier.py:85]: Setting D12 footprint position: (255650000, 56150000)
[board_modifier.py:98]: Getting S13 footprint position: (38100000, 76200000)
[board_modifier.py:85]: Setting D13 footprint position: (46100000, 75200000)
[board_modifier.py:98]: Getting S14 footprint position: (57150000, 76200000)
[board_modifier.py:85]: Setting D14 footprint position: (65150000, 75200000)
[board_modifier.py:98]: Getting S15 footprint position: (76200000, 76200000)
[board_modifier.py:85]: Setting D15 footprint position: (84200000, 75200000)
[board_modifier.py:98]: Getting S16 footprint position: (95250000, 76200000)
[board_modifier.py:85]: Setting D16 footprint position: (103250000, 75200000)
[board_modifier.py:98]: Getting S17 footprint position: (114300000, 76200000)
[board_modifier.py:85]: Setting D17 footprint position: (122300000, 75200000)
[board_modifier.py:98]: Getting S18 footprint position: (133350000, 76200000)
[board_modifier.py:85]: Setting D18 footprint position: (141350000, 75200000)
[board_modifier.py:98]: Getting S19 footprint position: (152400000, 76200000)
[board_modifier.py:85]: Setting D19 footprint position: (160400000, 75200000)
[board_modifier.py:98]: Getting S20 footprint position: (171450000, 76200000)
[board_modifier.py:85]: Setting D20 footprint position: (179450000, 75200000)
[board_modifier.py:98]: Getting S21 footprint position: (190500000, 76200000)
[board_modifier.py:85]: Setting D21 footprint position: (198500000, 75200000)
[board_modifier.py:98]: Getting S22 footprint position: (209550000, 76200000)
[board_modifier.py:85]: Setting D22 footprint position: (217550000, 75200000)
[board_modifier.py:98]: Getting S23 footprint position: (228600000, 76200000)
[board_modifier.py:85]: Setting D23 footprint position: (236600000, 75200000)
[board_modifier.py:98]: Getting S24 footprint position: (247650000, 76200000)
[board_modifier.py:85]: Setting D24 footprint position: (255650000, 75200000)
[board_modifier.py:98]: Getting S25 footprint position: (38100000, 95250000)
[board_modifier.py:85]: Setting D25 footprint position: (46100000, 94250000)
[board_modifier.py:98]: Getting S26 footprint position: (57150000, 95250000)
[board_modifier.py:85]: Setting D26 footprint position: (65150000, 94250000)
[board_modifier.py:98]: Getting S27 footprint position: (76200000, 95250000)
[board_modifier.py:85]: Setting D27 footprint position: (84200000, 94250000)
[board_modifier.py:98]: Getting S28 footprint position: (95250000, 95250000)
[board_modifier.py:85]: Setting D28 footprint position: (103250000, 94250000)
[board_modifier.py:98]: Getting S29 footprint position: (114300000, 95250000)
[board_modifier.py:85]: Setting D29 footprint position: (122300000, 94250000)
[board_modifier.py:98]: Getting S30 footprint position: (133350000, 95250000)
[board_modifier.py:85]: Setting D30 footprint position: (141350000, 94250000)
[board_modifier.py:98]: Getting S31 footprint position: (152400000, 95250000)
[board_modifier.py:85]: Setting D31 footprint position: (160400000, 94250000)
[board_modifier.py:98]: Getting S32 footprint position: (171450000, 95250000)
[board_modifier.py:85]: Setting D32 footprint position: (179450000, 94250000)
[board_modifier.py:98]: Getting S33 footprint position: (190500000, 95250000)
[board_modifier.py:85]: Setting D33 footprint position: (198500000, 94250000)
[board_modifier.py:98]: Getting S34 footprint position: (209550000, 95250000)
[board_modifier.py:85]: Setting D34 footprint position: (217550000, 94250000)
[board_modifier.py:98]: Getting S35 footprint position: (228600000, 95250000)
[board_modifier.py:85]: Setting D35 footprint position: (236600000, 94250000)
[board_modifier.py:98]: Getting S36 footprint position: (247650000, 95250000)
[board_modifier.py:85]: Setting D36 footprint position: (255650000, 94250000)
[board_modifier.py:98]: Getting S37 footprint position: (38100000, 114300000)
[board_modifier.py:85]: Setting D37 footprint position: (46100000, 113300000)
[board_modifier.py:98]: Getting S38 footprint position: (57150000, 114300000)
[board_modifier.py:85]: Setting D38 footprint position: (65150000, 113300000)
[board_modifier.py:98]: Getting S39 footprint position: (76200000, 114300000)
[board_modifier.py:85]: Setting D39 footprint position: (84200000, 113300000)
[board_modifier.py:98]: Getting S40 footprint position: (95250000, 114300000)
[board_modifier.py:85]: Setting D40 footprint position: (103250000, 113300000)
[board_modifier.py:98]: Getting S41 footprint position: (114300000, 114300000)
[board_modifier.py:85]: Setting D41 footprint position: (122300000, 113300000)
[board_modifier.py:98]: Getting S42 footprint position: (142875000, 114300000)
[board_modifier.py:85]: Setting D42 footprint position: (150875000, 113300000)
[board_modifier.py:98]: Getting S43 footprint position: (171450000, 114300000)
[board_modifier.py:85]: Setting D43 footprint position: (179450000, 113300000)
[board_modifier.py:98]: Getting S44 footprint position: (190500000, 114300000)
[board_modifier.py:85]: Setting D44 footprint position: (198500000, 113300000)
[board_modifier.py:98]: Getting S45 footprint position: (209550000, 114300000)
[board_modifier.py:85]: Setting D45 footprint position: (217550000, 113300000)
[board_modifier.py:98]: Getting S46 footprint position: (228600000, 114300000)
[board_modifier.py:85]: Setting D46 footprint position: (236600000, 113300000)
[board_modifier.py:98]: Getting S47 footprint position: (247650000, 114300000)
[board_modifier.py:85]: Setting D47 footprint position: (255650000, 113300000)
[key_placer.py:747]: Optimizing orientation of S1 diodes
[board_modifier.py:98]: Getting D1 footprint position: (46100000, 56150000)
[key_placer.py:760]: Rotated D1 to minimize distance
[key_placer.py:747]: Optimizing orientation of S2 diodes
[board_modifier.py:98]: Getting D2 footprint position: (65150000, 56150000)
[key_placer.py:760]: Rotated D2 to minimize distance
[key_placer.py:747]: Optimizing orientation of S3 diodes
[board_modifier.py:98]: Getting D3 footprint position: (84200000, 56150000)
[key_placer.py:760]: Rotated D3 to minimize distance
[key_placer.py:747]: Optimizing orientation of S4 diodes
[board_modifier.py:98]: Getting D4 footprint position: (103250000, 56150000)
[key_placer.py:760]: Rotated D4 to minimize distance
[key_placer.py:747]: Optimizing orientation of S5 diodes
[board_modifier.py:98]: Getting D5 footprint position: (122300000, 56150000)
[key_placer.py:760]: Rotated D5 to minimize distance
[key_placer.py:747]: Optimizing orientation of S6 diodes
[board_modifier.py:98]: Getting D6 footprint position: (141350000, 56150000)
[key_placer.py:760]: Rotated D6 to minimize distance
[key_placer.py:747]: Optimizing orientation of S7 diodes
[board_modifier.py:98]: Getting D7 footprint position: (160400000, 56150000)
[key_placer.py:760]: Rotated D7 to minimize distance
[key_placer.py:747]: Optimizing orientation of S8 diodes
[board_modifier.py:98]: Getting D8 footprint position: (179450000, 56150000)
[key_placer.py:760]: Rotated D8 to minimize distance
[key_placer.py:747]: Optimizing orientation of S9 diodes
[board_modifier.py:98]: Getting D9 footprint position: (198500000, 56150000)
[key_placer.py:760]: Rotated D9 to minimize distance
[key_placer.py:747]: Optimizing orientation of S10 diodes
[board_modifier.py:98]: Getting D10 footprint position: (217550000, 56150000)
[key_placer.py:760]: Rotated D10 to minimize distance
[key_placer.py:747]: Optimizing orientation of S11 diodes
[board_modifier.py:98]: Getting D11 footprint position: (236600000, 56150000)
[key_placer.py:760]: Rotated D11 to minimize distance
[key_placer.py:747]: Optimizing orientation of S12 diodes
[board_modifier.py:98]: Getting D12 footprint position: (255650000, 56150000)
[key_placer.py:760]: Rotated D12 to minimize distance
[key_placer.py:747]: Optimizing orientation of S13 diodes
[board_modifier.py:98]: Getting D13 footprint position: (46100000, 75200000)
[key_placer.py:760]: Rotated D13 to minimize distance
[key_placer.py:747]: Optimizing orientation of S14 diodes
[board_modifier.py:98]: Getting D14 footprint position: (65150000, 75200000)
[key_placer.py:760]: Rotated D14 to minimize distance
[key_placer.py:747]: Optimizing orientation of S15 diodes
[board_modifier.py:98]: Getting D15 footprint position: (84200000, 75200000)
[key_placer.py:760]: Rotated D15 to minimize distance
[key_placer.py:747]: Optimizing orientation of S16 diodes
[board_modifier.py:98]: Getting D16 footprint position: (103250000, 75200000)
[key_placer.py:760]: Rotated D16 to minimize distance
[key_placer.py:747]: Optimizing orientation of S17 diodes
[board_modifier.py:98]: Getting D17 footprint position: (122300000, 75200000)
[key_placer.py:760]: Rotated D17 to minimize distance
[key_placer.py:747]: Optimizing orientation of S18 diodes
[board_modifier.py:98]: Getting D18 footprint position: (141350000, 75200000)
[key_placer.py:760]: Rotated D18 to minimize distance
[key_placer.py:747]: Optimizing orientation of S19 diodes
[board_modifier.py:98]: Getting D19 footprint position: (160400000, 75200000)
[key_placer.py:760]: Rotated D19 to minimize distance
[key_placer.py:747]: Optimizing orientation of S20 diodes
[board_modifier.py:98]: Getting D20 footprint position: (179450000, 75200000)
[key_placer.py:760]: Rotated D20 to minimize distance
[key_placer.py:747]: Optimizing orientation of S21 diodes
[board_modifier.py:98]: Getting D21 footprint position: (198500000, 75200000)
[key_placer.py:760]: Rotated D21 to minimize distance
[key_placer.py:747]: Optimizing orientation of S22 diodes
[board_modifier.py:98]: Getting D22 footprint position: (217550000, 75200000)
[key_placer.py:760]: Rotated D22 to minimize distance
[key_placer.py:747]: Optimizing orientation of S23 diodes
[board_modifier.py:98]: Getting D23 footprint position: (236600000, 75200000)
[key_placer.py:760]: Rotated D23 to minimize distance
[key_placer.py:747]: Optimizing orientation of S24 diodes
[board_modifier.py:98]: Getting D24 footprint position: (255650000, 75200000)
[key_placer.py:760]: Rotated D24 to minimize distance
[key_placer.py:747]: Optimizing orientation of S25 diodes
[board_modifier.py:98]: Getting D25 footprint position: (46100000, 94250000)
[key_placer.py:760]: Rotated D25 to minimize distance
[key_placer.py:747]: Optimizing orientation of S26 diodes
[board_modifier.py:98]: Getting D26 footprint position: (65150000, 94250000)
[key_placer.py:760]: Rotated D26 to minimize distance
[key_placer.py:747]: Optimizing orientation of S27 diodes
[board_modifier.py:98]: Getting D27 footprint position: (84200000, 94250000)
[key_placer.py:760]: Rotated D27 to minimize distance
[key_placer.py:747]: Optimizing orientation of S28 diodes
[board_modifier.py:98]: Getting D28 footprint position: (103250000, 94250000)
[key_placer.py:760]: Rotated D28 to minimize distance
[key_placer.py:747]: Optimizing orientation of S29 diodes
[board_modifier.py:98]: Getting D29 footprint position: (122300000, 94250000)
[key_placer.py:760]: Rotated D29 to minimize distance
[key_placer.py:747]: Optimizing orientation of S30 diodes
[board_modifier.py:98]: Getting D30 footprint position: (141350000, 94250000)
[key_placer.py:760]: Rotated D30 to minimize distance
[key_placer.py:747]: Optimizing orientation of S31 diodes
[board_modifier.py:98]: Getting D31 footprint position: (160400000, 94250000)
[key_placer.py:760]: Rotated D31 to minimize distance
[key_placer.py:747]: Optimizing orientation of S32 diodes
[board_modifier.py:98]: Getting D32 footprint position: (179450000, 94250000)
[key_placer.py:760]: Rotated D32 to minimize distance
[key_placer.py:747]: Optimizing orientation of S33 diodes
[board_modifier.py:98]: Getting D33 footprint position: (198500000, 94250000)
[key_placer.py:760]: Rotated D33 to minimize distance
[key_placer.py:747]: Optimizing orientation of S34 diodes
[board_modifier.py:98]: Getting D34 footprint position: (217550000, 94250000)
[key_placer.py:760]: Rotated D34 to minimize distance
[key_placer.py:747]: Optimizing orientation of S35 diodes
[board_modifier.py:98]: Getting D35 footprint position: (236600000, 94250000)
[key_placer.py:760]: Rotated D35 to minimize distance
[key_placer.py:747]: Optimizing orientation of S36 diodes
[board_modifier.py:98]: Getting D36 footprint position: (255650000, 94250000)
[key_placer.py:760]: Rotated D36 to minimize distance
[key_placer.py:747]: Optimizing orientation of S37 diodes
[board_modifier.py:98]: Getting D37 footprint position: (46100000, 113300000)
[key_placer.py:760]: Rotated D37 to minimize distance
[key_placer.py:747]: Optimizing orientation of S38 diodes
[board_modifier.py:98]: Getting D38 footprint position: (65150000, 113300000)
[key_placer.py:760]: Rotated D38 to minimize distance
[key_placer.py:747]: Optimizing orientation of S39 diodes
[board_modifier.py:98]: Getting D39 footprint position: (84200000, 113300000)
[key_placer.py:760]: Rotated D39 to minimize distance
[key_placer.py:747]: Optimizing orientation of S40 diodes
[board_modifier.py:98]: Getting D40 footprint position: (103250000, 113300000)
[key_placer.py:760]: Rotated D40 to minimize distance
[key_placer.py:747]: Optimizing orientation of S41 diodes
[board_modifier.py:98]: Getting D41 footprint position: (122300000, 113300000)
[key_placer.py:760]: Rotated D41 to minimize distance
[key_placer.py:747]: Optimizing orientation of S42 diodes
[board_modifier.py:98]: Getting D42 footprint position: (150875000, 113300000)
[key_placer.py:760]: Rotated D42 to minimize distance
[key_placer.py:747]: Optimizing orientation of S43 diodes
[board_modifier.py:98]: Getting D43 footprint position: (179450000, 113300000)
[key_placer.py:760]: Rotated D43 to minimize distance
[key_placer.py:747]: Optimizing orientation of S44 diodes
[board_modifier.py:98]: Getting D44 footprint position: (198500000, 113300000)
[key_placer.py:760]: Rotated D44 to minimize distance
[key_placer.py:747]: Optimizing orientation of S45 diodes
[board_modifier.py:98]: Getting D45 footprint position: (217550000, 113300000)
[key_placer.py:760]: Rotated D45 to minimize distance
[key_placer.py:747]: Optimizing orientation of S46 diodes
[board_modifier.py:98]: Getting D46 footprint position: (236600000, 113300000)
[key_placer.py:760]: Rotated D46 to minimize distance
[key_placer.py:747]: Optimizing orientation of S47 diodes
[board_modifier.py:98]: Getting D47 footprint position: (255650000, 113300000)
[key_placer.py:760]: Rotated D47 to minimize distance
[key_placer.py:775]: Placing additional elements for S47
[board_modifier.py:98]: Getting S47 footprint position: (247650000, 114300000)
[board_modifier.py:75]: Searching for optional ST47 footprint in C:\Users\serve844\Desktop\New folder\solarkey\SolarKey\SolarKey.kicad_pcb
[board_modifier.py:80]: Footprint not found
[key_placer.py:775]: Placing additional elements for S46
[board_modifier.py:98]: Getting S46 footprint position: (228600000, 114300000)
[board_modifier.py:75]: Searching for optional ST46 footprint in C:\Users\serve844\Desktop\New folder\solarkey\SolarKey\SolarKey.kicad_pcb
[board_modifier.py:80]: Footprint not found
[key_placer.py:775]: Placing additional elements for S45
[board_modifier.py:98]: Getting S45 footprint position: (209550000, 114300000)
[board_modifier.py:75]: Searching for optional ST45 footprint in C:\Users\serve844\Desktop\New folder\solarkey\SolarKey\SolarKey.kicad_pcb
[board_modifier.py:80]: Footprint not found
[key_placer.py:775]: Placing additional elements for S44
[board_modifier.py:98]: Getting S44 footprint position: (190500000, 114300000)
[board_modifier.py:75]: Searching for optional ST44 footprint in C:\Users\serve844\Desktop\New folder\solarkey\SolarKey\SolarKey.kicad_pcb
[board_modifier.py:80]: Footprint not found
[key_placer.py:775]: Placing additional elements for S43
[board_modifier.py:98]: Getting S43 footprint position: (171450000, 114300000)
[board_modifier.py:75]: Searching for optional ST43 footprint in C:\Users\serve844\Desktop\New folder\solarkey\SolarKey\SolarKey.kicad_pcb
[board_modifier.py:80]: Footprint not found
[key_placer.py:775]: Placing additional elements for S42
[board_modifier.py:98]: Getting S42 footprint position: (142875000, 114300000)
[board_modifier.py:75]: Searching for optional ST42 footprint in C:\Users\serve844\Desktop\New folder\solarkey\SolarKey\SolarKey.kicad_pcb
[board_modifier.py:80]: Footprint not found
[key_placer.py:775]: Placing additional elements for S41
[board_modifier.py:98]: Getting S41 footprint position: (114300000, 114300000)
[board_modifier.py:75]: Searching for optional ST41 footprint in C:\Users\serve844\Desktop\New folder\solarkey\SolarKey\SolarKey.kicad_pcb
[board_modifier.py:80]: Footprint not found
[key_placer.py:775]: Placing additional elements for S40
[board_modifier.py:98]: Getting S40 footprint position: (95250000, 114300000)
[board_modifier.py:75]: Searching for optional ST40 footprint in C:\Users\serve844\Desktop\New folder\solarkey\SolarKey\SolarKey.kicad_pcb
[board_modifier.py:80]: Footprint not found
[key_placer.py:775]: Placing additional elements for S39
[board_modifier.py:98]: Getting S39 footprint position: (76200000, 114300000)
[board_modifier.py:75]: Searching for optional ST39 footprint in C:\Users\serve844\Desktop\New folder\solarkey\SolarKey\SolarKey.kicad_pcb
[board_modifier.py:80]: Footprint not found
[key_placer.py:775]: Placing additional elements for S38
[board_modifier.py:98]: Getting S38 footprint position: (57150000, 114300000)
[board_modifier.py:75]: Searching for optional ST38 footprint in C:\Users\serve844\Desktop\New folder\solarkey\SolarKey\SolarKey.kicad_pcb
[board_modifier.py:80]: Footprint not found
[key_placer.py:775]: Placing additional elements for S37
[board_modifier.py:98]: Getting S37 footprint position: (38100000, 114300000)
[board_modifier.py:75]: Searching for optional ST37 footprint in C:\Users\serve844\Desktop\New folder\solarkey\SolarKey\SolarKey.kicad_pcb
[board_modifier.py:80]: Footprint not found
[key_placer.py:775]: Placing additional elements for S36
[board_modifier.py:98]: Getting S36 footprint position: (247650000, 95250000)
[board_modifier.py:75]: Searching for optional ST36 footprint in C:\Users\serve844\Desktop\New folder\solarkey\SolarKey\SolarKey.kicad_pcb
[board_modifier.py:80]: Footprint not found
[key_placer.py:775]: Placing additional elements for S35
[board_modifier.py:98]: Getting S35 footprint position: (228600000, 95250000)
[board_modifier.py:75]: Searching for optional ST35 footprint in C:\Users\serve844\Desktop\New folder\solarkey\SolarKey\SolarKey.kicad_pcb
[board_modifier.py:80]: Footprint not found
[key_placer.py:775]: Placing additional elements for S34
[board_modifier.py:98]: Getting S34 footprint position: (209550000, 95250000)
[board_modifier.py:75]: Searching for optional ST34 footprint in C:\Users\serve844\Desktop\New folder\solarkey\SolarKey\SolarKey.kicad_pcb
[board_modifier.py:80]: Footprint not found
[key_placer.py:775]: Placing additional elements for S33
[board_modifier.py:98]: Getting S33 footprint position: (190500000, 95250000)
[board_modifier.py:75]: Searching for optional ST33 footprint in C:\Users\serve844\Desktop\New folder\solarkey\SolarKey\SolarKey.kicad_pcb
[board_modifier.py:80]: Footprint not found
[key_placer.py:775]: Placing additional elements for S32
[board_modifier.py:98]: Getting S32 footprint position: (171450000, 95250000)
[board_modifier.py:75]: Searching for optional ST32 footprint in C:\Users\serve844\Desktop\New folder\solarkey\SolarKey\SolarKey.kicad_pcb
[board_modifier.py:80]: Footprint not found
[key_placer.py:775]: Placing additional elements for S31
[board_modifier.py:98]: Getting S31 footprint position: (152400000, 95250000)
[board_modifier.py:75]: Searching for optional ST31 footprint in C:\Users\serve844\Desktop\New folder\solarkey\SolarKey\SolarKey.kicad_pcb
[board_modifier.py:80]: Footprint not found
[key_placer.py:775]: Placing additional elements for S30
[board_modifier.py:98]: Getting S30 footprint position: (133350000, 95250000)
[board_modifier.py:75]: Searching for optional ST30 footprint in C:\Users\serve844\Desktop\New folder\solarkey\SolarKey\SolarKey.kicad_pcb
[board_modifier.py:80]: Footprint not found
[key_placer.py:775]: Placing additional elements for S29
[board_modifier.py:98]: Getting S29 footprint position: (114300000, 95250000)
[board_modifier.py:75]: Searching for optional ST29 footprint in C:\Users\serve844\Desktop\New folder\solarkey\SolarKey\SolarKey.kicad_pcb
[board_modifier.py:80]: Footprint not found
[key_placer.py:775]: Placing additional elements for S28
[board_modifier.py:98]: Getting S28 footprint position: (95250000, 95250000)
[board_modifier.py:75]: Searching for optional ST28 footprint in C:\Users\serve844\Desktop\New folder\solarkey\SolarKey\SolarKey.kicad_pcb
[board_modifier.py:80]: Footprint not found
[key_placer.py:775]: Placing additional elements for S27
[board_modifier.py:98]: Getting S27 footprint position: (76200000, 95250000)
[board_modifier.py:75]: Searching for optional ST27 footprint in C:\Users\serve844\Desktop\New folder\solarkey\SolarKey\SolarKey.kicad_pcb
[board_modifier.py:80]: Footprint not found
[key_placer.py:775]: Placing additional elements for S26
[board_modifier.py:98]: Getting S26 footprint position: (57150000, 95250000)
[board_modifier.py:75]: Searching for optional ST26 footprint in C:\Users\serve844\Desktop\New folder\solarkey\SolarKey\SolarKey.kicad_pcb
[board_modifier.py:80]: Footprint not found
[key_placer.py:775]: Placing additional elements for S25
[board_modifier.py:98]: Getting S25 footprint position: (38100000, 95250000)
[board_modifier.py:75]: Searching for optional ST25 footprint in C:\Users\serve844\Desktop\New folder\solarkey\SolarKey\SolarKey.kicad_pcb
[board_modifier.py:80]: Footprint not found
[key_placer.py:775]: Placing additional elements for S24
[board_modifier.py:98]: Getting S24 footprint position: (247650000, 76200000)
[board_modifier.py:75]: Searching for optional ST24 footprint in C:\Users\serve844\Desktop\New folder\solarkey\SolarKey\SolarKey.kicad_pcb
[board_modifier.py:80]: Footprint not found
[key_placer.py:775]: Placing additional elements for S23
[board_modifier.py:98]: Getting S23 footprint position: (228600000, 76200000)
[board_modifier.py:75]: Searching for optional ST23 footprint in C:\Users\serve844\Desktop\New folder\solarkey\SolarKey\SolarKey.kicad_pcb
[board_modifier.py:80]: Footprint not found
[key_placer.py:775]: Placing additional elements for S22
[board_modifier.py:98]: Getting S22 footprint position: (209550000, 76200000)
[board_modifier.py:75]: Searching for optional ST22 footprint in C:\Users\serve844\Desktop\New folder\solarkey\SolarKey\SolarKey.kicad_pcb
[board_modifier.py:80]: Footprint not found
[key_placer.py:775]: Placing additional elements for S21
[board_modifier.py:98]: Getting S21 footprint position: (190500000, 76200000)
[board_modifier.py:75]: Searching for optional ST21 footprint in C:\Users\serve844\Desktop\New folder\solarkey\SolarKey\SolarKey.kicad_pcb
[board_modifier.py:80]: Footprint not found
[key_placer.py:775]: Placing additional elements for S20
[board_modifier.py:98]: Getting S20 footprint position: (171450000, 76200000)
[board_modifier.py:75]: Searching for optional ST20 footprint in C:\Users\serve844\Desktop\New folder\solarkey\SolarKey\SolarKey.kicad_pcb
[board_modifier.py:80]: Footprint not found
[key_placer.py:775]: Placing additional elements for S19
[board_modifier.py:98]: Getting S19 footprint position: (152400000, 76200000)
[board_modifier.py:75]: Searching for optional ST19 footprint in C:\Users\serve844\Desktop\New folder\solarkey\SolarKey\SolarKey.kicad_pcb
[board_modifier.py:80]: Footprint not found
[key_placer.py:775]: Placing additional elements for S18
[board_modifier.py:98]: Getting S18 footprint position: (133350000, 76200000)
[board_modifier.py:75]: Searching for optional ST18 footprint in C:\Users\serve844\Desktop\New folder\solarkey\SolarKey\SolarKey.kicad_pcb
[board_modifier.py:80]: Footprint not found
[key_placer.py:775]: Placing additional elements for S17
[board_modifier.py:98]: Getting S17 footprint position: (114300000, 76200000)
[board_modifier.py:75]: Searching for optional ST17 footprint in C:\Users\serve844\Desktop\New folder\solarkey\SolarKey\SolarKey.kicad_pcb
[board_modifier.py:80]: Footprint not found
[key_placer.py:775]: Placing additional elements for S16
[board_modifier.py:98]: Getting S16 footprint position: (95250000, 76200000)
[board_modifier.py:75]: Searching for optional ST16 footprint in C:\Users\serve844\Desktop\New folder\solarkey\SolarKey\SolarKey.kicad_pcb
[board_modifier.py:80]: Footprint not found
[key_placer.py:775]: Placing additional elements for S15
[board_modifier.py:98]: Getting S15 footprint position: (76200000, 76200000)
[board_modifier.py:75]: Searching for optional ST15 footprint in C:\Users\serve844\Desktop\New folder\solarkey\SolarKey\SolarKey.kicad_pcb
[board_modifier.py:80]: Footprint not found
[key_placer.py:775]: Placing additional elements for S14
[board_modifier.py:98]: Getting S14 footprint position: (57150000, 76200000)
[board_modifier.py:75]: Searching for optional ST14 footprint in C:\Users\serve844\Desktop\New folder\solarkey\SolarKey\SolarKey.kicad_pcb
[board_modifier.py:80]: Footprint not found
[key_placer.py:775]: Placing additional elements for S13
[board_modifier.py:98]: Getting S13 footprint position: (38100000, 76200000)
[board_modifier.py:75]: Searching for optional ST13 footprint in C:\Users\serve844\Desktop\New folder\solarkey\SolarKey\SolarKey.kicad_pcb
[board_modifier.py:80]: Footprint not found
[key_placer.py:775]: Placing additional elements for S12
[board_modifier.py:98]: Getting S12 footprint position: (247650000, 57150000)
[board_modifier.py:75]: Searching for optional ST12 footprint in C:\Users\serve844\Desktop\New folder\solarkey\SolarKey\SolarKey.kicad_pcb
[board_modifier.py:80]: Footprint not found
[key_placer.py:775]: Placing additional elements for S11
[board_modifier.py:98]: Getting S11 footprint position: (228600000, 57150000)
[board_modifier.py:75]: Searching for optional ST11 footprint in C:\Users\serve844\Desktop\New folder\solarkey\SolarKey\SolarKey.kicad_pcb
[board_modifier.py:80]: Footprint not found
[key_placer.py:775]: Placing additional elements for S10
[board_modifier.py:98]: Getting S10 footprint position: (209550000, 57150000)
[board_modifier.py:75]: Searching for optional ST10 footprint in C:\Users\serve844\Desktop\New folder\solarkey\SolarKey\SolarKey.kicad_pcb
[board_modifier.py:80]: Footprint not found
[key_placer.py:775]: Placing additional elements for S9
[board_modifier.py:98]: Getting S9 footprint position: (190500000, 57150000)
[board_modifier.py:75]: Searching for optional ST9 footprint in C:\Users\serve844\Desktop\New folder\solarkey\SolarKey\SolarKey.kicad_pcb
[board_modifier.py:80]: Footprint not found
[key_placer.py:775]: Placing additional elements for S8
[board_modifier.py:98]: Getting S8 footprint position: (171450000, 57150000)
[board_modifier.py:75]: Searching for optional ST8 footprint in C:\Users\serve844\Desktop\New folder\solarkey\SolarKey\SolarKey.kicad_pcb
[board_modifier.py:80]: Footprint not found
[key_placer.py:775]: Placing additional elements for S7
[board_modifier.py:98]: Getting S7 footprint position: (152400000, 57150000)
[board_modifier.py:75]: Searching for optional ST7 footprint in C:\Users\serve844\Desktop\New folder\solarkey\SolarKey\SolarKey.kicad_pcb
[board_modifier.py:80]: Footprint not found
[key_placer.py:775]: Placing additional elements for S6
[board_modifier.py:98]: Getting S6 footprint position: (133350000, 57150000)
[board_modifier.py:75]: Searching for optional ST6 footprint in C:\Users\serve844\Desktop\New folder\solarkey\SolarKey\SolarKey.kicad_pcb
[board_modifier.py:80]: Footprint not found
[key_placer.py:775]: Placing additional elements for S5
[board_modifier.py:98]: Getting S5 footprint position: (114300000, 57150000)
[board_modifier.py:75]: Searching for optional ST5 footprint in C:\Users\serve844\Desktop\New folder\solarkey\SolarKey\SolarKey.kicad_pcb
[board_modifier.py:80]: Footprint not found
[key_placer.py:775]: Placing additional elements for S4
[board_modifier.py:98]: Getting S4 footprint position: (95250000, 57150000)
[board_modifier.py:75]: Searching for optional ST4 footprint in C:\Users\serve844\Desktop\New folder\solarkey\SolarKey\SolarKey.kicad_pcb
[board_modifier.py:80]: Footprint not found
[key_placer.py:775]: Placing additional elements for S3
[board_modifier.py:98]: Getting S3 footprint position: (76200000, 57150000)
[board_modifier.py:75]: Searching for optional ST3 footprint in C:\Users\serve844\Desktop\New folder\solarkey\SolarKey\SolarKey.kicad_pcb
[board_modifier.py:80]: Footprint not found
[key_placer.py:775]: Placing additional elements for S2
[board_modifier.py:98]: Getting S2 footprint position: (57150000, 57150000)
[board_modifier.py:75]: Searching for optional ST2 footprint in C:\Users\serve844\Desktop\New folder\solarkey\SolarKey\SolarKey.kicad_pcb
[board_modifier.py:80]: Footprint not found
[key_placer.py:775]: Placing additional elements for S1
[board_modifier.py:98]: Getting S1 footprint position: (38100000, 57150000)
[board_modifier.py:75]: Searching for optional ST1 footprint in C:\Users\serve844\Desktop\New folder\solarkey\SolarKey\SolarKey.kicad_pcb
[board_modifier.py:80]: Footprint not found
[key_placer.py:424]: Routing S47 with D47
[key_placer.py:426]: Using internal autorouter method
[board_modifier.py:532]: Routing at B.Cu layer
[board_modifier.py:549]: Netclass: Default, track width: 200000
[board_modifier.py:611]: Routing pad 'S47:2' at (253925000, 120050000) with pad 'D47:2' at (255650000, 114950000) using coordinate system rotated by 0 degree(s)
[board_modifier.py:455]: Adding track segment (B.Cu): [(253925000, 120050000), (253925000, 116675000)]
[board_modifier.py:460]: Track added
[board_modifier.py:455]: Adding track segment (B.Cu): [(253925000, 116675000), (255650000, 114950000)]
[board_modifier.py:460]: Track added
[key_placer.py:424]: Routing S46 with D46
[key_placer.py:426]: Using internal autorouter method
[board_modifier.py:532]: Routing at B.Cu layer
[board_modifier.py:549]: Netclass: Default, track width: 200000
[board_modifier.py:611]: Routing pad 'S46:2' at (234875000, 120050000) with pad 'D46:2' at (236600000, 114950000) using coordinate system rotated by 0 degree(s)
[board_modifier.py:455]: Adding track segment (B.Cu): [(234875000, 120050000), (234875000, 116675000)]
[board_modifier.py:460]: Track added
[board_modifier.py:455]: Adding track segment (B.Cu): [(234875000, 116675000), (236600000, 114950000)]
[board_modifier.py:460]: Track added
[key_placer.py:424]: Routing S45 with D45
[key_placer.py:426]: Using internal autorouter method
[board_modifier.py:532]: Routing at B.Cu layer
[board_modifier.py:549]: Netclass: Default, track width: 200000
[board_modifier.py:611]: Routing pad 'S45:2' at (215825000, 120050000) with pad 'D45:2' at (217550000, 114950000) using coordinate system rotated by 0 degree(s)
[board_modifier.py:455]: Adding track segment (B.Cu): [(215825000, 120050000), (215825000, 116675000)]
[board_modifier.py:460]: Track added
[board_modifier.py:455]: Adding track segment (B.Cu): [(215825000, 116675000), (217550000, 114950000)]
[board_modifier.py:460]: Track added
[key_placer.py:424]: Routing S44 with D44
[key_placer.py:426]: Using internal autorouter method
[board_modifier.py:532]: Routing at B.Cu layer
[board_modifier.py:549]: Netclass: Default, track width: 200000
[board_modifier.py:611]: Routing pad 'S44:2' at (196775000, 120050000) with pad 'D44:2' at (198500000, 114950000) using coordinate system rotated by 0 degree(s)
[board_modifier.py:455]: Adding track segment (B.Cu): [(196775000, 120050000), (196775000, 116675000)]
[board_modifier.py:460]: Track added
[board_modifier.py:455]: Adding track segment (B.Cu): [(196775000, 116675000), (198500000, 114950000)]
[board_modifier.py:460]: Track added
[key_placer.py:424]: Routing S43 with D43
[key_placer.py:426]: Using internal autorouter method
[board_modifier.py:532]: Routing at B.Cu layer
[board_modifier.py:549]: Netclass: Default, track width: 200000
[board_modifier.py:611]: Routing pad 'S43:2' at (177725000, 120050000) with pad 'D43:2' at (179450000, 114950000) using coordinate system rotated by 0 degree(s)
[board_modifier.py:455]: Adding track segment (B.Cu): [(177725000, 120050000), (177725000, 116675000)]
[board_modifier.py:460]: Track added
[board_modifier.py:455]: Adding track segment (B.Cu): [(177725000, 116675000), (179450000, 114950000)]
[board_modifier.py:460]: Track added
[key_placer.py:424]: Routing S42 with D42
[key_placer.py:426]: Using internal autorouter method
[board_modifier.py:532]: Routing at B.Cu layer
[board_modifier.py:549]: Netclass: Default, track width: 200000
[board_modifier.py:611]: Routing pad 'S42:2' at (149150000, 120050000) with pad 'D42:2' at (150875000, 114950000) using coordinate system rotated by 0 degree(s)
[board_modifier.py:455]: Adding track segment (B.Cu): [(149150000, 120050000), (149150000, 116675000)]
[board_modifier.py:460]: Track added
[board_modifier.py:455]: Adding track segment (B.Cu): [(149150000, 116675000), (150875000, 114950000)]
[board_modifier.py:460]: Track added
[key_placer.py:424]: Routing S41 with D41
[key_placer.py:426]: Using internal autorouter method
[board_modifier.py:532]: Routing at B.Cu layer
[board_modifier.py:549]: Netclass: Default, track width: 200000
[board_modifier.py:611]: Routing pad 'S41:2' at (120575000, 120050000) with pad 'D41:2' at (122300000, 114950000) using coordinate system rotated by 0 degree(s)
[board_modifier.py:455]: Adding track segment (B.Cu): [(120575000, 120050000), (120575000, 116675000)]
[board_modifier.py:460]: Track added
[board_modifier.py:455]: Adding track segment (B.Cu): [(120575000, 116675000), (122300000, 114950000)]
[board_modifier.py:460]: Track added
[key_placer.py:424]: Routing S40 with D40
[key_placer.py:426]: Using internal autorouter method
[board_modifier.py:532]: Routing at B.Cu layer
[board_modifier.py:549]: Netclass: Default, track width: 200000
[board_modifier.py:611]: Routing pad 'S40:2' at (101525000, 120050000) with pad 'D40:2' at (103250000, 114950000) using coordinate system rotated by 0 degree(s)
[board_modifier.py:455]: Adding track segment (B.Cu): [(101525000, 120050000), (101525000, 116675000)]
[board_modifier.py:460]: Track added
[board_modifier.py:455]: Adding track segment (B.Cu): [(101525000, 116675000), (103250000, 114950000)]
[board_modifier.py:460]: Track added
[key_placer.py:424]: Routing S39 with D39
[key_placer.py:426]: Using internal autorouter method
[board_modifier.py:532]: Routing at B.Cu layer
[board_modifier.py:549]: Netclass: Default, track width: 200000
[board_modifier.py:611]: Routing pad 'S39:2' at (82475000, 120050000) with pad 'D39:2' at (84200000, 114950000) using coordinate system rotated by 0 degree(s)
[board_modifier.py:455]: Adding track segment (B.Cu): [(82475000, 120050000), (82475000, 116675000)]
[board_modifier.py:460]: Track added
[board_modifier.py:455]: Adding track segment (B.Cu): [(82475000, 116675000), (84200000, 114950000)]
[board_modifier.py:460]: Track added
[key_placer.py:424]: Routing S38 with D38
[key_placer.py:426]: Using internal autorouter method
[board_modifier.py:532]: Routing at B.Cu layer
[board_modifier.py:549]: Netclass: Default, track width: 200000
[board_modifier.py:611]: Routing pad 'S38:2' at (63425000, 120050000) with pad 'D38:2' at (65150000, 114950000) using coordinate system rotated by 0 degree(s)
[board_modifier.py:455]: Adding track segment (B.Cu): [(63425000, 120050000), (63425000, 116675000)]
[board_modifier.py:460]: Track added
[board_modifier.py:455]: Adding track segment (B.Cu): [(63425000, 116675000), (65150000, 114950000)]
[board_modifier.py:460]: Track added
[key_placer.py:424]: Routing S37 with D37
[key_placer.py:426]: Using internal autorouter method
[board_modifier.py:532]: Routing at B.Cu layer
[board_modifier.py:549]: Netclass: Default, track width: 200000
[board_modifier.py:611]: Routing pad 'S37:2' at (44375000, 120050000) with pad 'D37:2' at (46100000, 114950000) using coordinate system rotated by 0 degree(s)
[board_modifier.py:455]: Adding track segment (B.Cu): [(44375000, 120050000), (44375000, 116675000)]
[board_modifier.py:460]: Track added
[board_modifier.py:455]: Adding track segment (B.Cu): [(44375000, 116675000), (46100000, 114950000)]
[board_modifier.py:460]: Track added
[key_placer.py:424]: Routing S36 with D36
[key_placer.py:426]: Using internal autorouter method
[board_modifier.py:532]: Routing at B.Cu layer
[board_modifier.py:549]: Netclass: Default, track width: 200000
[board_modifier.py:611]: Routing pad 'S36:2' at (253925000, 101000000) with pad 'D36:2' at (255650000, 95900000) using coordinate system rotated by 0 degree(s)
[board_modifier.py:455]: Adding track segment (B.Cu): [(253925000, 101000000), (253925000, 97625000)]
[board_modifier.py:460]: Track added
[board_modifier.py:455]: Adding track segment (B.Cu): [(253925000, 97625000), (255650000, 95900000)]
[board_modifier.py:460]: Track added
[key_placer.py:424]: Routing S35 with D35
[key_placer.py:426]: Using internal autorouter method
[board_modifier.py:532]: Routing at B.Cu layer
[board_modifier.py:549]: Netclass: Default, track width: 200000
[board_modifier.py:611]: Routing pad 'S35:2' at (234875000, 101000000) with pad 'D35:2' at (236600000, 95900000) using coordinate system rotated by 0 degree(s)
[board_modifier.py:455]: Adding track segment (B.Cu): [(234875000, 101000000), (234875000, 97625000)]
[board_modifier.py:460]: Track added
[board_modifier.py:455]: Adding track segment (B.Cu): [(234875000, 97625000), (236600000, 95900000)]
[board_modifier.py:460]: Track added
[key_placer.py:424]: Routing S34 with D34
[key_placer.py:426]: Using internal autorouter method
[board_modifier.py:532]: Routing at B.Cu layer
[board_modifier.py:549]: Netclass: Default, track width: 200000
[board_modifier.py:611]: Routing pad 'S34:2' at (215825000, 101000000) with pad 'D34:2' at (217550000, 95900000) using coordinate system rotated by 0 degree(s)
[board_modifier.py:455]: Adding track segment (B.Cu): [(215825000, 101000000), (215825000, 97625000)]
[board_modifier.py:460]: Track added
[board_modifier.py:455]: Adding track segment (B.Cu): [(215825000, 97625000), (217550000, 95900000)]
[board_modifier.py:460]: Track added
[key_placer.py:424]: Routing S33 with D33
[key_placer.py:426]: Using internal autorouter method
[board_modifier.py:532]: Routing at B.Cu layer
[board_modifier.py:549]: Netclass: Default, track width: 200000
[board_modifier.py:611]: Routing pad 'S33:2' at (196775000, 101000000) with pad 'D33:2' at (198500000, 95900000) using coordinate system rotated by 0 degree(s)
[board_modifier.py:455]: Adding track segment (B.Cu): [(196775000, 101000000), (196775000, 97625000)]
[board_modifier.py:460]: Track added
[board_modifier.py:455]: Adding track segment (B.Cu): [(196775000, 97625000), (198500000, 95900000)]
[board_modifier.py:460]: Track added
[key_placer.py:424]: Routing S32 with D32
[key_placer.py:426]: Using internal autorouter method
[board_modifier.py:532]: Routing at B.Cu layer
[board_modifier.py:549]: Netclass: Default, track width: 200000
[board_modifier.py:611]: Routing pad 'S32:2' at (177725000, 101000000) with pad 'D32:2' at (179450000, 95900000) using coordinate system rotated by 0 degree(s)
[board_modifier.py:455]: Adding track segment (B.Cu): [(177725000, 101000000), (177725000, 97625000)]
[board_modifier.py:460]: Track added
[board_modifier.py:455]: Adding track segment (B.Cu): [(177725000, 97625000), (179450000, 95900000)]
[board_modifier.py:460]: Track added
[key_placer.py:424]: Routing S31 with D31
[key_placer.py:426]: Using internal autorouter method
[board_modifier.py:532]: Routing at B.Cu layer
[board_modifier.py:549]: Netclass: Default, track width: 200000
[board_modifier.py:611]: Routing pad 'S31:2' at (158675000, 101000000) with pad 'D31:2' at (160400000, 95900000) using coordinate system rotated by 0 degree(s)
[board_modifier.py:455]: Adding track segment (B.Cu): [(158675000, 101000000), (158675000, 97625000)]
[board_modifier.py:460]: Track added
[board_modifier.py:455]: Adding track segment (B.Cu): [(158675000, 97625000), (160400000, 95900000)]
[board_modifier.py:460]: Track added
[key_placer.py:424]: Routing S30 with D30
[key_placer.py:426]: Using internal autorouter method
[board_modifier.py:532]: Routing at B.Cu layer
[board_modifier.py:549]: Netclass: Default, track width: 200000
[board_modifier.py:611]: Routing pad 'S30:2' at (139625000, 101000000) with pad 'D30:2' at (141350000, 95900000) using coordinate system rotated by 0 degree(s)
[board_modifier.py:455]: Adding track segment (B.Cu): [(139625000, 101000000), (139625000, 97625000)]
[board_modifier.py:460]: Track added
[board_modifier.py:455]: Adding track segment (B.Cu): [(139625000, 97625000), (141350000, 95900000)]
[board_modifier.py:460]: Track added
[key_placer.py:424]: Routing S29 with D29
[key_placer.py:426]: Using internal autorouter method
[board_modifier.py:532]: Routing at B.Cu layer
[board_modifier.py:549]: Netclass: Default, track width: 200000
[board_modifier.py:611]: Routing pad 'S29:2' at (120575000, 101000000) with pad 'D29:2' at (122300000, 95900000) using coordinate system rotated by 0 degree(s)
[board_modifier.py:455]: Adding track segment (B.Cu): [(120575000, 101000000), (120575000, 97625000)]
[board_modifier.py:460]: Track added
[board_modifier.py:455]: Adding track segment (B.Cu): [(120575000, 97625000), (122300000, 95900000)]
[board_modifier.py:460]: Track added
[key_placer.py:424]: Routing S28 with D28
[key_placer.py:426]: Using internal autorouter method
[board_modifier.py:532]: Routing at B.Cu layer
[board_modifier.py:549]: Netclass: Default, track width: 200000
[board_modifier.py:611]: Routing pad 'S28:2' at (101525000, 101000000) with pad 'D28:2' at (103250000, 95900000) using coordinate system rotated by 0 degree(s)
[board_modifier.py:455]: Adding track segment (B.Cu): [(101525000, 101000000), (101525000, 97625000)]
[board_modifier.py:460]: Track added
[board_modifier.py:455]: Adding track segment (B.Cu): [(101525000, 97625000), (103250000, 95900000)]
[board_modifier.py:460]: Track added
[key_placer.py:424]: Routing S27 with D27
[key_placer.py:426]: Using internal autorouter method
[board_modifier.py:532]: Routing at B.Cu layer
[board_modifier.py:549]: Netclass: Default, track width: 200000
[board_modifier.py:611]: Routing pad 'S27:2' at (82475000, 101000000) with pad 'D27:2' at (84200000, 95900000) using coordinate system rotated by 0 degree(s)
[board_modifier.py:455]: Adding track segment (B.Cu): [(82475000, 101000000), (82475000, 97625000)]
[board_modifier.py:460]: Track added
[board_modifier.py:455]: Adding track segment (B.Cu): [(82475000, 97625000), (84200000, 95900000)]
[board_modifier.py:460]: Track added
[key_placer.py:424]: Routing S26 with D26
[key_placer.py:426]: Using internal autorouter method
[board_modifier.py:532]: Routing at B.Cu layer
[board_modifier.py:549]: Netclass: Default, track width: 200000
[board_modifier.py:611]: Routing pad 'S26:2' at (63425000, 101000000) with pad 'D26:2' at (65150000, 95900000) using coordinate system rotated by 0 degree(s)
[board_modifier.py:455]: Adding track segment (B.Cu): [(63425000, 101000000), (63425000, 97625000)]
[board_modifier.py:460]: Track added
[board_modifier.py:455]: Adding track segment (B.Cu): [(63425000, 97625000), (65150000, 95900000)]
[board_modifier.py:460]: Track added
[key_placer.py:424]: Routing S25 with D25
[key_placer.py:426]: Using internal autorouter method
[board_modifier.py:532]: Routing at B.Cu layer
[board_modifier.py:549]: Netclass: Default, track width: 200000
[board_modifier.py:611]: Routing pad 'S25:2' at (44375000, 101000000) with pad 'D25:2' at (46100000, 95900000) using coordinate system rotated by 0 degree(s)
[board_modifier.py:455]: Adding track segment (B.Cu): [(44375000, 101000000), (44375000, 97625000)]
[board_modifier.py:460]: Track added
[board_modifier.py:455]: Adding track segment (B.Cu): [(44375000, 97625000), (46100000, 95900000)]
[board_modifier.py:460]: Track added
[key_placer.py:424]: Routing S24 with D24
[key_placer.py:426]: Using internal autorouter method
[board_modifier.py:532]: Routing at B.Cu layer
[board_modifier.py:549]: Netclass: Default, track width: 200000
[board_modifier.py:611]: Routing pad 'S24:2' at (253925000, 81950000) with pad 'D24:2' at (255650000, 76850000) using coordinate system rotated by 0 degree(s)
[board_modifier.py:455]: Adding track segment (B.Cu): [(253925000, 81950000), (253925000, 78575000)]
[board_modifier.py:460]: Track added
[board_modifier.py:455]: Adding track segment (B.Cu): [(253925000, 78575000), (255650000, 76850000)]
[board_modifier.py:460]: Track added
[key_placer.py:424]: Routing S23 with D23
[key_placer.py:426]: Using internal autorouter method
[board_modifier.py:532]: Routing at B.Cu layer
[board_modifier.py:549]: Netclass: Default, track width: 200000
[board_modifier.py:611]: Routing pad 'S23:2' at (234875000, 81950000) with pad 'D23:2' at (236600000, 76850000) using coordinate system rotated by 0 degree(s)
[board_modifier.py:455]: Adding track segment (B.Cu): [(234875000, 81950000), (234875000, 78575000)]
[board_modifier.py:460]: Track added
[board_modifier.py:455]: Adding track segment (B.Cu): [(234875000, 78575000), (236600000, 76850000)]
[board_modifier.py:460]: Track added
[key_placer.py:424]: Routing S22 with D22
[key_placer.py:426]: Using internal autorouter method
[board_modifier.py:532]: Routing at B.Cu layer
[board_modifier.py:549]: Netclass: Default, track width: 200000
[board_modifier.py:611]: Routing pad 'S22:2' at (215825000, 81950000) with pad 'D22:2' at (217550000, 76850000) using coordinate system rotated by 0 degree(s)
[board_modifier.py:455]: Adding track segment (B.Cu): [(215825000, 81950000), (215825000, 78575000)]
[board_modifier.py:460]: Track added
[board_modifier.py:455]: Adding track segment (B.Cu): [(215825000, 78575000), (217550000, 76850000)]
[board_modifier.py:460]: Track added
[key_placer.py:424]: Routing S21 with D21
[key_placer.py:426]: Using internal autorouter method
[board_modifier.py:532]: Routing at B.Cu layer
[board_modifier.py:549]: Netclass: Default, track width: 200000
[board_modifier.py:611]: Routing pad 'S21:2' at (196775000, 81950000) with pad 'D21:2' at (198500000, 76850000) using coordinate system rotated by 0 degree(s)
[board_modifier.py:455]: Adding track segment (B.Cu): [(196775000, 81950000), (196775000, 78575000)]
[board_modifier.py:460]: Track added
[board_modifier.py:455]: Adding track segment (B.Cu): [(196775000, 78575000), (198500000, 76850000)]
[board_modifier.py:460]: Track added
[key_placer.py:424]: Routing S20 with D20
[key_placer.py:426]: Using internal autorouter method
[board_modifier.py:532]: Routing at B.Cu layer
[board_modifier.py:549]: Netclass: Default, track width: 200000
[board_modifier.py:611]: Routing pad 'S20:2' at (177725000, 81950000) with pad 'D20:2' at (179450000, 76850000) using coordinate system rotated by 0 degree(s)
[board_modifier.py:455]: Adding track segment (B.Cu): [(177725000, 81950000), (177725000, 78575000)]
[board_modifier.py:460]: Track added
[board_modifier.py:455]: Adding track segment (B.Cu): [(177725000, 78575000), (179450000, 76850000)]
[board_modifier.py:460]: Track added
[key_placer.py:424]: Routing S19 with D19
[key_placer.py:426]: Using internal autorouter method
[board_modifier.py:532]: Routing at B.Cu layer
[board_modifier.py:549]: Netclass: Default, track width: 200000
[board_modifier.py:611]: Routing pad 'S19:2' at (158675000, 81950000) with pad 'D19:2' at (160400000, 76850000) using coordinate system rotated by 0 degree(s)
[board_modifier.py:455]: Adding track segment (B.Cu): [(158675000, 81950000), (158675000, 78575000)]
[board_modifier.py:460]: Track added
[board_modifier.py:455]: Adding track segment (B.Cu): [(158675000, 78575000), (160400000, 76850000)]
[board_modifier.py:460]: Track added
[key_placer.py:424]: Routing S18 with D18
[key_placer.py:426]: Using internal autorouter method
[board_modifier.py:532]: Routing at B.Cu layer
[board_modifier.py:549]: Netclass: Default, track width: 200000
[board_modifier.py:611]: Routing pad 'S18:2' at (139625000, 81950000) with pad 'D18:2' at (141350000, 76850000) using coordinate system rotated by 0 degree(s)
[board_modifier.py:455]: Adding track segment (B.Cu): [(139625000, 81950000), (139625000, 78575000)]
[board_modifier.py:460]: Track added
[board_modifier.py:455]: Adding track segment (B.Cu): [(139625000, 78575000), (141350000, 76850000)]
[board_modifier.py:460]: Track added
[key_placer.py:424]: Routing S17 with D17
[key_placer.py:426]: Using internal autorouter method
[board_modifier.py:532]: Routing at B.Cu layer
[board_modifier.py:549]: Netclass: Default, track width: 200000
[board_modifier.py:611]: Routing pad 'S17:2' at (120575000, 81950000) with pad 'D17:2' at (122300000, 76850000) using coordinate system rotated by 0 degree(s)
[board_modifier.py:455]: Adding track segment (B.Cu): [(120575000, 81950000), (120575000, 78575000)]
[board_modifier.py:460]: Track added
[board_modifier.py:455]: Adding track segment (B.Cu): [(120575000, 78575000), (122300000, 76850000)]
[board_modifier.py:460]: Track added
[key_placer.py:424]: Routing S16 with D16
[key_placer.py:426]: Using internal autorouter method
[board_modifier.py:532]: Routing at B.Cu layer
[board_modifier.py:549]: Netclass: Default, track width: 200000
[board_modifier.py:611]: Routing pad 'S16:2' at (101525000, 81950000) with pad 'D16:2' at (103250000, 76850000) using coordinate system rotated by 0 degree(s)
[board_modifier.py:455]: Adding track segment (B.Cu): [(101525000, 81950000), (101525000, 78575000)]
[board_modifier.py:460]: Track added
[board_modifier.py:455]: Adding track segment (B.Cu): [(101525000, 78575000), (103250000, 76850000)]
[board_modifier.py:460]: Track added
[key_placer.py:424]: Routing S15 with D15
[key_placer.py:426]: Using internal autorouter method
[board_modifier.py:532]: Routing at B.Cu layer
[board_modifier.py:549]: Netclass: Default, track width: 200000
[board_modifier.py:611]: Routing pad 'S15:2' at (82475000, 81950000) with pad 'D15:2' at (84200000, 76850000) using coordinate system rotated by 0 degree(s)
[board_modifier.py:455]: Adding track segment (B.Cu): [(82475000, 81950000), (82475000, 78575000)]
[board_modifier.py:460]: Track added
[board_modifier.py:455]: Adding track segment (B.Cu): [(82475000, 78575000), (84200000, 76850000)]
[board_modifier.py:460]: Track added
[key_placer.py:424]: Routing S14 with D14
[key_placer.py:426]: Using internal autorouter method
[board_modifier.py:532]: Routing at B.Cu layer
[board_modifier.py:549]: Netclass: Default, track width: 200000
[board_modifier.py:611]: Routing pad 'S14:2' at (63425000, 81950000) with pad 'D14:2' at (65150000, 76850000) using coordinate system rotated by 0 degree(s)
[board_modifier.py:455]: Adding track segment (B.Cu): [(63425000, 81950000), (63425000, 78575000)]
[board_modifier.py:460]: Track added
[board_modifier.py:455]: Adding track segment (B.Cu): [(63425000, 78575000), (65150000, 76850000)]
[board_modifier.py:460]: Track added
[key_placer.py:424]: Routing S13 with D13
[key_placer.py:426]: Using internal autorouter method
[board_modifier.py:532]: Routing at B.Cu layer
[board_modifier.py:549]: Netclass: Default, track width: 200000
[board_modifier.py:611]: Routing pad 'S13:2' at (44375000, 81950000) with pad 'D13:2' at (46100000, 76850000) using coordinate system rotated by 0 degree(s)
[board_modifier.py:455]: Adding track segment (B.Cu): [(44375000, 81950000), (44375000, 78575000)]
[board_modifier.py:460]: Track added
[board_modifier.py:455]: Adding track segment (B.Cu): [(44375000, 78575000), (46100000, 76850000)]
[board_modifier.py:460]: Track added
[key_placer.py:424]: Routing S12 with D12
[key_placer.py:426]: Using internal autorouter method
[board_modifier.py:532]: Routing at B.Cu layer
[board_modifier.py:549]: Netclass: Default, track width: 200000
[board_modifier.py:611]: Routing pad 'S12:2' at (253925000, 62900000) with pad 'D12:2' at (255650000, 57800000) using coordinate system rotated by 0 degree(s)
[board_modifier.py:455]: Adding track segment (B.Cu): [(253925000, 62900000), (253925000, 59525000)]
[board_modifier.py:460]: Track added
[board_modifier.py:455]: Adding track segment (B.Cu): [(253925000, 59525000), (255650000, 57800000)]
[board_modifier.py:460]: Track added
[key_placer.py:424]: Routing S11 with D11
[key_placer.py:426]: Using internal autorouter method
[board_modifier.py:532]: Routing at B.Cu layer
[board_modifier.py:549]: Netclass: Default, track width: 200000
[board_modifier.py:611]: Routing pad 'S11:2' at (234875000, 62900000) with pad 'D11:2' at (236600000, 57800000) using coordinate system rotated by 0 degree(s)
[board_modifier.py:455]: Adding track segment (B.Cu): [(234875000, 62900000), (234875000, 59525000)]
[board_modifier.py:460]: Track added
[board_modifier.py:455]: Adding track segment (B.Cu): [(234875000, 59525000), (236600000, 57800000)]
[board_modifier.py:460]: Track added
[key_placer.py:424]: Routing S10 with D10
[key_placer.py:426]: Using internal autorouter method
[board_modifier.py:532]: Routing at B.Cu layer
[board_modifier.py:549]: Netclass: Default, track width: 200000
[board_modifier.py:611]: Routing pad 'S10:2' at (215825000, 62900000) with pad 'D10:2' at (217550000, 57800000) using coordinate system rotated by 0 degree(s)
[board_modifier.py:455]: Adding track segment (B.Cu): [(215825000, 62900000), (215825000, 59525000)]
[board_modifier.py:460]: Track added
[board_modifier.py:455]: Adding track segment (B.Cu): [(215825000, 59525000), (217550000, 57800000)]
[board_modifier.py:460]: Track added
[key_placer.py:424]: Routing S9 with D9
[key_placer.py:426]: Using internal autorouter method
[board_modifier.py:532]: Routing at B.Cu layer
[board_modifier.py:549]: Netclass: Default, track width: 200000
[board_modifier.py:611]: Routing pad 'S9:2' at (196775000, 62900000) with pad 'D9:2' at (198500000, 57800000) using coordinate system rotated by 0 degree(s)
[board_modifier.py:455]: Adding track segment (B.Cu): [(196775000, 62900000), (196775000, 59525000)]
[board_modifier.py:460]: Track added
[board_modifier.py:455]: Adding track segment (B.Cu): [(196775000, 59525000), (198500000, 57800000)]
[board_modifier.py:460]: Track added
[key_placer.py:424]: Routing S8 with D8
[key_placer.py:426]: Using internal autorouter method
[board_modifier.py:532]: Routing at B.Cu layer
[board_modifier.py:549]: Netclass: Default, track width: 200000
[board_modifier.py:611]: Routing pad 'S8:2' at (177725000, 62900000) with pad 'D8:2' at (179450000, 57800000) using coordinate system rotated by 0 degree(s)
[board_modifier.py:455]: Adding track segment (B.Cu): [(177725000, 62900000), (177725000, 59525000)]
[board_modifier.py:460]: Track added
[board_modifier.py:455]: Adding track segment (B.Cu): [(177725000, 59525000), (179450000, 57800000)]
[board_modifier.py:460]: Track added
[key_placer.py:424]: Routing S7 with D7
[key_placer.py:426]: Using internal autorouter method
[board_modifier.py:532]: Routing at B.Cu layer
[board_modifier.py:549]: Netclass: Default, track width: 200000
[board_modifier.py:611]: Routing pad 'S7:2' at (158675000, 62900000) with pad 'D7:2' at (160400000, 57800000) using coordinate system rotated by 0 degree(s)
[board_modifier.py:455]: Adding track segment (B.Cu): [(158675000, 62900000), (158675000, 59525000)]
[board_modifier.py:460]: Track added
[board_modifier.py:455]: Adding track segment (B.Cu): [(158675000, 59525000), (160400000, 57800000)]
[board_modifier.py:460]: Track added
[key_placer.py:424]: Routing S6 with D6
[key_placer.py:426]: Using internal autorouter method
[board_modifier.py:532]: Routing at B.Cu layer
[board_modifier.py:549]: Netclass: Default, track width: 200000
[board_modifier.py:611]: Routing pad 'S6:2' at (139625000, 62900000) with pad 'D6:2' at (141350000, 57800000) using coordinate system rotated by 0 degree(s)
[board_modifier.py:455]: Adding track segment (B.Cu): [(139625000, 62900000), (139625000, 59525000)]
[board_modifier.py:460]: Track added
[board_modifier.py:455]: Adding track segment (B.Cu): [(139625000, 59525000), (141350000, 57800000)]
[board_modifier.py:460]: Track added
[key_placer.py:424]: Routing S5 with D5
[key_placer.py:426]: Using internal autorouter method
[board_modifier.py:532]: Routing at B.Cu layer
[board_modifier.py:549]: Netclass: Default, track width: 200000
[board_modifier.py:611]: Routing pad 'S5:2' at (120575000, 62900000) with pad 'D5:2' at (122300000, 57800000) using coordinate system rotated by 0 degree(s)
[board_modifier.py:455]: Adding track segment (B.Cu): [(120575000, 62900000), (120575000, 59525000)]
[board_modifier.py:460]: Track added
[board_modifier.py:455]: Adding track segment (B.Cu): [(120575000, 59525000), (122300000, 57800000)]
[board_modifier.py:460]: Track added
[key_placer.py:424]: Routing S4 with D4
[key_placer.py:426]: Using internal autorouter method
[board_modifier.py:532]: Routing at B.Cu layer
[board_modifier.py:549]: Netclass: Default, track width: 200000
[board_modifier.py:611]: Routing pad 'S4:2' at (101525000, 62900000) with pad 'D4:2' at (103250000, 57800000) using coordinate system rotated by 0 degree(s)
[board_modifier.py:455]: Adding track segment (B.Cu): [(101525000, 62900000), (101525000, 59525000)]
[board_modifier.py:460]: Track added
[board_modifier.py:455]: Adding track segment (B.Cu): [(101525000, 59525000), (103250000, 57800000)]
[board_modifier.py:460]: Track added
[key_placer.py:424]: Routing S3 with D3
[key_placer.py:426]: Using internal autorouter method
[board_modifier.py:532]: Routing at B.Cu layer
[board_modifier.py:549]: Netclass: Default, track width: 200000
[board_modifier.py:611]: Routing pad 'S3:2' at (82475000, 62900000) with pad 'D3:2' at (84200000, 57800000) using coordinate system rotated by 0 degree(s)
[board_modifier.py:455]: Adding track segment (B.Cu): [(82475000, 62900000), (82475000, 59525000)]
[board_modifier.py:460]: Track added
[board_modifier.py:455]: Adding track segment (B.Cu): [(82475000, 59525000), (84200000, 57800000)]
[board_modifier.py:460]: Track added
[key_placer.py:424]: Routing S2 with D2
[key_placer.py:426]: Using internal autorouter method
[board_modifier.py:532]: Routing at B.Cu layer
[board_modifier.py:549]: Netclass: Default, track width: 200000
[board_modifier.py:611]: Routing pad 'S2:2' at (63425000, 62900000) with pad 'D2:2' at (65150000, 57800000) using coordinate system rotated by 0 degree(s)
[board_modifier.py:455]: Adding track segment (B.Cu): [(63425000, 62900000), (63425000, 59525000)]
[board_modifier.py:460]: Track added
[board_modifier.py:455]: Adding track segment (B.Cu): [(63425000, 59525000), (65150000, 57800000)]
[board_modifier.py:460]: Track added
[key_placer.py:424]: Routing S1 with D1
[key_placer.py:426]: Using internal autorouter method
[board_modifier.py:532]: Routing at B.Cu layer
[board_modifier.py:549]: Netclass: Default, track width: 200000
[board_modifier.py:611]: Routing pad 'S1:2' at (44375000, 62900000) with pad 'D1:2' at (46100000, 57800000) using coordinate system rotated by 0 degree(s)
[board_modifier.py:455]: Adding track segment (B.Cu): [(44375000, 62900000), (44375000, 59525000)]
[board_modifier.py:460]: Track added
[board_modifier.py:455]: Adding track segment (B.Cu): [(44375000, 59525000), (46100000, 57800000)]
[board_modifier.py:460]: Track added
[key_placer.py:458]: Removing dangling tracks
[board_modifier.py:64]: Searching for U2 footprint in C:\Users\serve844\Desktop\New folder\solarkey\SolarKey\SolarKey.kicad_pcb
[board_modifier.py:98]: Getting U2 footprint position: (23000000, 34770000)
[board_modifier.py:85]: Setting U2 footprint position: (23000000, 34770000)
[board_modifier.py:64]: Searching for S47 footprint in C:\Users\serve844\Desktop\New folder\solarkey\SolarKey\SolarKey.kicad_pcb
[board_modifier.py:98]: Getting S47 footprint position: (247650000, 114300000)
[board_modifier.py:85]: Setting S47 footprint position: (247650000, 114300000)
[board_modifier.py:64]: Searching for S46 footprint in C:\Users\serve844\Desktop\New folder\solarkey\SolarKey\SolarKey.kicad_pcb
[board_modifier.py:98]: Getting S46 footprint position: (228600000, 114300000)
[board_modifier.py:85]: Setting S46 footprint position: (228600000, 114300000)
[board_modifier.py:64]: Searching for S45 footprint in C:\Users\serve844\Desktop\New folder\solarkey\SolarKey\SolarKey.kicad_pcb
[board_modifier.py:98]: Getting S45 footprint position: (209550000, 114300000)
[board_modifier.py:85]: Setting S45 footprint position: (209550000, 114300000)
[board_modifier.py:64]: Searching for S44 footprint in C:\Users\serve844\Desktop\New folder\solarkey\SolarKey\SolarKey.kicad_pcb
[board_modifier.py:98]: Getting S44 footprint position: (190500000, 114300000)
[board_modifier.py:85]: Setting S44 footprint position: (190500000, 114300000)
[board_modifier.py:64]: Searching for S43 footprint in C:\Users\serve844\Desktop\New folder\solarkey\SolarKey\SolarKey.kicad_pcb
[board_modifier.py:98]: Getting S43 footprint position: (171450000, 114300000)
[board_modifier.py:85]: Setting S43 footprint position: (171450000, 114300000)
[board_modifier.py:64]: Searching for S42 footprint in C:\Users\serve844\Desktop\New folder\solarkey\SolarKey\SolarKey.kicad_pcb
[board_modifier.py:98]: Getting S42 footprint position: (142875000, 114300000)
[board_modifier.py:85]: Setting S42 footprint position: (142875000, 114300000)
[board_modifier.py:64]: Searching for S41 footprint in C:\Users\serve844\Desktop\New folder\solarkey\SolarKey\SolarKey.kicad_pcb
[board_modifier.py:98]: Getting S41 footprint position: (114300000, 114300000)
[board_modifier.py:85]: Setting S41 footprint position: (114300000, 114300000)
[board_modifier.py:64]: Searching for S40 footprint in C:\Users\serve844\Desktop\New folder\solarkey\SolarKey\SolarKey.kicad_pcb
[board_modifier.py:98]: Getting S40 footprint position: (95250000, 114300000)
[board_modifier.py:85]: Setting S40 footprint position: (95250000, 114300000)
[board_modifier.py:64]: Searching for S39 footprint in C:\Users\serve844\Desktop\New folder\solarkey\SolarKey\SolarKey.kicad_pcb
[board_modifier.py:98]: Getting S39 footprint position: (76200000, 114300000)
[board_modifier.py:85]: Setting S39 footprint position: (76200000, 114300000)
[board_modifier.py:64]: Searching for S38 footprint in C:\Users\serve844\Desktop\New folder\solarkey\SolarKey\SolarKey.kicad_pcb
[board_modifier.py:98]: Getting S38 footprint position: (57150000, 114300000)
[board_modifier.py:85]: Setting S38 footprint position: (57150000, 114300000)
[board_modifier.py:64]: Searching for S37 footprint in C:\Users\serve844\Desktop\New folder\solarkey\SolarKey\SolarKey.kicad_pcb
[board_modifier.py:98]: Getting S37 footprint position: (38100000, 114300000)
[board_modifier.py:85]: Setting S37 footprint position: (38100000, 114300000)
[board_modifier.py:64]: Searching for S36 footprint in C:\Users\serve844\Desktop\New folder\solarkey\SolarKey\SolarKey.kicad_pcb
[board_modifier.py:98]: Getting S36 footprint position: (247650000, 95250000)
[board_modifier.py:85]: Setting S36 footprint position: (247650000, 95250000)
[board_modifier.py:64]: Searching for S35 footprint in C:\Users\serve844\Desktop\New folder\solarkey\SolarKey\SolarKey.kicad_pcb
[board_modifier.py:98]: Getting S35 footprint position: (228600000, 95250000)
[board_modifier.py:85]: Setting S35 footprint position: (228600000, 95250000)
[board_modifier.py:64]: Searching for S34 footprint in C:\Users\serve844\Desktop\New folder\solarkey\SolarKey\SolarKey.kicad_pcb
[board_modifier.py:98]: Getting S34 footprint position: (209550000, 95250000)
[board_modifier.py:85]: Setting S34 footprint position: (209550000, 95250000)
[board_modifier.py:64]: Searching for S33 footprint in C:\Users\serve844\Desktop\New folder\solarkey\SolarKey\SolarKey.kicad_pcb
[board_modifier.py:98]: Getting S33 footprint position: (190500000, 95250000)
[board_modifier.py:85]: Setting S33 footprint position: (190500000, 95250000)
[board_modifier.py:64]: Searching for S32 footprint in C:\Users\serve844\Desktop\New folder\solarkey\SolarKey\SolarKey.kicad_pcb
[board_modifier.py:98]: Getting S32 footprint position: (171450000, 95250000)
[board_modifier.py:85]: Setting S32 footprint position: (171450000, 95250000)
[board_modifier.py:64]: Searching for S31 footprint in C:\Users\serve844\Desktop\New folder\solarkey\SolarKey\SolarKey.kicad_pcb
[board_modifier.py:98]: Getting S31 footprint position: (152400000, 95250000)
[board_modifier.py:85]: Setting S31 footprint position: (152400000, 95250000)
[board_modifier.py:64]: Searching for S30 footprint in C:\Users\serve844\Desktop\New folder\solarkey\SolarKey\SolarKey.kicad_pcb
[board_modifier.py:98]: Getting S30 footprint position: (133350000, 95250000)
[board_modifier.py:85]: Setting S30 footprint position: (133350000, 95250000)
[board_modifier.py:64]: Searching for S29 footprint in C:\Users\serve844\Desktop\New folder\solarkey\SolarKey\SolarKey.kicad_pcb
[board_modifier.py:98]: Getting S29 footprint position: (114300000, 95250000)
[board_modifier.py:85]: Setting S29 footprint position: (114300000, 95250000)
[board_modifier.py:64]: Searching for S28 footprint in C:\Users\serve844\Desktop\New folder\solarkey\SolarKey\SolarKey.kicad_pcb
[board_modifier.py:98]: Getting S28 footprint position: (95250000, 95250000)
[board_modifier.py:85]: Setting S28 footprint position: (95250000, 95250000)
[board_modifier.py:64]: Searching for S27 footprint in C:\Users\serve844\Desktop\New folder\solarkey\SolarKey\SolarKey.kicad_pcb
[board_modifier.py:98]: Getting S27 footprint position: (76200000, 95250000)
[board_modifier.py:85]: Setting S27 footprint position: (76200000, 95250000)
[board_modifier.py:64]: Searching for S26 footprint in C:\Users\serve844\Desktop\New folder\solarkey\SolarKey\SolarKey.kicad_pcb
[board_modifier.py:98]: Getting S26 footprint position: (57150000, 95250000)
[board_modifier.py:85]: Setting S26 footprint position: (57150000, 95250000)
[board_modifier.py:64]: Searching for S25 footprint in C:\Users\serve844\Desktop\New folder\solarkey\SolarKey\SolarKey.kicad_pcb
[board_modifier.py:98]: Getting S25 footprint position: (38100000, 95250000)
[board_modifier.py:85]: Setting S25 footprint position: (38100000, 95250000)
[board_modifier.py:64]: Searching for S24 footprint in C:\Users\serve844\Desktop\New folder\solarkey\SolarKey\SolarKey.kicad_pcb
[board_modifier.py:98]: Getting S24 footprint position: (247650000, 76200000)
[board_modifier.py:85]: Setting S24 footprint position: (247650000, 76200000)
[board_modifier.py:64]: Searching for S23 footprint in C:\Users\serve844\Desktop\New folder\solarkey\SolarKey\SolarKey.kicad_pcb
[board_modifier.py:98]: Getting S23 footprint position: (228600000, 76200000)
[board_modifier.py:85]: Setting S23 footprint position: (228600000, 76200000)
[board_modifier.py:64]: Searching for S22 footprint in C:\Users\serve844\Desktop\New folder\solarkey\SolarKey\SolarKey.kicad_pcb
[board_modifier.py:98]: Getting S22 footprint position: (209550000, 76200000)
[board_modifier.py:85]: Setting S22 footprint position: (209550000, 76200000)
[board_modifier.py:64]: Searching for S21 footprint in C:\Users\serve844\Desktop\New folder\solarkey\SolarKey\SolarKey.kicad_pcb
[board_modifier.py:98]: Getting S21 footprint position: (190500000, 76200000)
[board_modifier.py:85]: Setting S21 footprint position: (190500000, 76200000)
[board_modifier.py:64]: Searching for S20 footprint in C:\Users\serve844\Desktop\New folder\solarkey\SolarKey\SolarKey.kicad_pcb
[board_modifier.py:98]: Getting S20 footprint position: (171450000, 76200000)
[board_modifier.py:85]: Setting S20 footprint position: (171450000, 76200000)
[board_modifier.py:64]: Searching for S19 footprint in C:\Users\serve844\Desktop\New folder\solarkey\SolarKey\SolarKey.kicad_pcb
[board_modifier.py:98]: Getting S19 footprint position: (152400000, 76200000)
[board_modifier.py:85]: Setting S19 footprint position: (152400000, 76200000)
[board_modifier.py:64]: Searching for S18 footprint in C:\Users\serve844\Desktop\New folder\solarkey\SolarKey\SolarKey.kicad_pcb
[board_modifier.py:98]: Getting S18 footprint position: (133350000, 76200000)
[board_modifier.py:85]: Setting S18 footprint position: (133350000, 76200000)
[board_modifier.py:64]: Searching for S17 footprint in C:\Users\serve844\Desktop\New folder\solarkey\SolarKey\SolarKey.kicad_pcb
[board_modifier.py:98]: Getting S17 footprint position: (114300000, 76200000)
[board_modifier.py:85]: Setting S17 footprint position: (114300000, 76200000)
[board_modifier.py:64]: Searching for S16 footprint in C:\Users\serve844\Desktop\New folder\solarkey\SolarKey\SolarKey.kicad_pcb
[board_modifier.py:98]: Getting S16 footprint position: (95250000, 76200000)
[board_modifier.py:85]: Setting S16 footprint position: (95250000, 76200000)
[board_modifier.py:64]: Searching for S15 footprint in C:\Users\serve844\Desktop\New folder\solarkey\SolarKey\SolarKey.kicad_pcb
[board_modifier.py:98]: Getting S15 footprint position: (76200000, 76200000)
[board_modifier.py:85]: Setting S15 footprint position: (76200000, 76200000)
[board_modifier.py:64]: Searching for S14 footprint in C:\Users\serve844\Desktop\New folder\solarkey\SolarKey\SolarKey.kicad_pcb
[board_modifier.py:98]: Getting S14 footprint position: (57150000, 76200000)
[board_modifier.py:85]: Setting S14 footprint position: (57150000, 76200000)
[board_modifier.py:64]: Searching for S13 footprint in C:\Users\serve844\Desktop\New folder\solarkey\SolarKey\SolarKey.kicad_pcb
[board_modifier.py:98]: Getting S13 footprint position: (38100000, 76200000)
[board_modifier.py:85]: Setting S13 footprint position: (38100000, 76200000)
[board_modifier.py:64]: Searching for S12 footprint in C:\Users\serve844\Desktop\New folder\solarkey\SolarKey\SolarKey.kicad_pcb
[board_modifier.py:98]: Getting S12 footprint position: (247650000, 57150000)
[board_modifier.py:85]: Setting S12 footprint position: (247650000, 57150000)
[board_modifier.py:64]: Searching for S11 footprint in C:\Users\serve844\Desktop\New folder\solarkey\SolarKey\SolarKey.kicad_pcb
[board_modifier.py:98]: Getting S11 footprint position: (228600000, 57150000)
[board_modifier.py:85]: Setting S11 footprint position: (228600000, 57150000)
[board_modifier.py:64]: Searching for S10 footprint in C:\Users\serve844\Desktop\New folder\solarkey\SolarKey\SolarKey.kicad_pcb
[board_modifier.py:98]: Getting S10 footprint position: (209550000, 57150000)
[board_modifier.py:85]: Setting S10 footprint position: (209550000, 57150000)
[board_modifier.py:64]: Searching for S9 footprint in C:\Users\serve844\Desktop\New folder\solarkey\SolarKey\SolarKey.kicad_pcb
[board_modifier.py:98]: Getting S9 footprint position: (190500000, 57150000)
[board_modifier.py:85]: Setting S9 footprint position: (190500000, 57150000)
[board_modifier.py:64]: Searching for S8 footprint in C:\Users\serve844\Desktop\New folder\solarkey\SolarKey\SolarKey.kicad_pcb
[board_modifier.py:98]: Getting S8 footprint position: (171450000, 57150000)
[board_modifier.py:85]: Setting S8 footprint position: (171450000, 57150000)
[board_modifier.py:64]: Searching for S7 footprint in C:\Users\serve844\Desktop\New folder\solarkey\SolarKey\SolarKey.kicad_pcb
[board_modifier.py:98]: Getting S7 footprint position: (152400000, 57150000)
[board_modifier.py:85]: Setting S7 footprint position: (152400000, 57150000)
[board_modifier.py:64]: Searching for S6 footprint in C:\Users\serve844\Desktop\New folder\solarkey\SolarKey\SolarKey.kicad_pcb
[board_modifier.py:98]: Getting S6 footprint position: (133350000, 57150000)
[board_modifier.py:85]: Setting S6 footprint position: (133350000, 57150000)
[board_modifier.py:64]: Searching for S5 footprint in C:\Users\serve844\Desktop\New folder\solarkey\SolarKey\SolarKey.kicad_pcb
[board_modifier.py:98]: Getting S5 footprint position: (114300000, 57150000)
[board_modifier.py:85]: Setting S5 footprint position: (114300000, 57150000)
[board_modifier.py:64]: Searching for S4 footprint in C:\Users\serve844\Desktop\New folder\solarkey\SolarKey\SolarKey.kicad_pcb
[board_modifier.py:98]: Getting S4 footprint position: (95250000, 57150000)
[board_modifier.py:85]: Setting S4 footprint position: (95250000, 57150000)
[board_modifier.py:64]: Searching for S3 footprint in C:\Users\serve844\Desktop\New folder\solarkey\SolarKey\SolarKey.kicad_pcb
[board_modifier.py:98]: Getting S3 footprint position: (76200000, 57150000)
[board_modifier.py:85]: Setting S3 footprint position: (76200000, 57150000)
[board_modifier.py:64]: Searching for S2 footprint in C:\Users\serve844\Desktop\New folder\solarkey\SolarKey\SolarKey.kicad_pcb
[board_modifier.py:98]: Getting S2 footprint position: (57150000, 57150000)
[board_modifier.py:85]: Setting S2 footprint position: (57150000, 57150000)
[board_modifier.py:64]: Searching for S1 footprint in C:\Users\serve844\Desktop\New folder\solarkey\SolarKey\SolarKey.kicad_pcb
[board_modifier.py:98]: Getting S1 footprint position: (38100000, 57150000)
[board_modifier.py:85]: Setting S1 footprint position: (38100000, 57150000)
[board_modifier.py:64]: Searching for D47 footprint in C:\Users\serve844\Desktop\New folder\solarkey\SolarKey\SolarKey.kicad_pcb
[board_modifier.py:98]: Getting D47 footprint position: (255650000, 113300000)
[board_modifier.py:85]: Setting D47 footprint position: (255650000, 113300000)
[board_modifier.py:64]: Searching for D46 footprint in C:\Users\serve844\Desktop\New folder\solarkey\SolarKey\SolarKey.kicad_pcb
[board_modifier.py:98]: Getting D46 footprint position: (236600000, 113300000)
[board_modifier.py:85]: Setting D46 footprint position: (236600000, 113300000)
[board_modifier.py:64]: Searching for D45 footprint in C:\Users\serve844\Desktop\New folder\solarkey\SolarKey\SolarKey.kicad_pcb
[board_modifier.py:98]: Getting D45 footprint position: (217550000, 113300000)
[board_modifier.py:85]: Setting D45 footprint position: (217550000, 113300000)
[board_modifier.py:64]: Searching for D44 footprint in C:\Users\serve844\Desktop\New folder\solarkey\SolarKey\SolarKey.kicad_pcb
[board_modifier.py:98]: Getting D44 footprint position: (198500000, 113300000)
[board_modifier.py:85]: Setting D44 footprint position: (198500000, 113300000)
[board_modifier.py:64]: Searching for D43 footprint in C:\Users\serve844\Desktop\New folder\solarkey\SolarKey\SolarKey.kicad_pcb
[board_modifier.py:98]: Getting D43 footprint position: (179450000, 113300000)
[board_modifier.py:85]: Setting D43 footprint position: (179450000, 113300000)
[board_modifier.py:64]: Searching for D42 footprint in C:\Users\serve844\Desktop\New folder\solarkey\SolarKey\SolarKey.kicad_pcb
[board_modifier.py:98]: Getting D42 footprint position: (150875000, 113300000)
[board_modifier.py:85]: Setting D42 footprint position: (150875000, 113300000)
[board_modifier.py:64]: Searching for D41 footprint in C:\Users\serve844\Desktop\New folder\solarkey\SolarKey\SolarKey.kicad_pcb
[board_modifier.py:98]: Getting D41 footprint position: (122300000, 113300000)
[board_modifier.py:85]: Setting D41 footprint position: (122300000, 113300000)
[board_modifier.py:64]: Searching for D40 footprint in C:\Users\serve844\Desktop\New folder\solarkey\SolarKey\SolarKey.kicad_pcb
[board_modifier.py:98]: Getting D40 footprint position: (103250000, 113300000)
[board_modifier.py:85]: Setting D40 footprint position: (103250000, 113300000)
[board_modifier.py:64]: Searching for D39 footprint in C:\Users\serve844\Desktop\New folder\solarkey\SolarKey\SolarKey.kicad_pcb
[board_modifier.py:98]: Getting D39 footprint position: (84200000, 113300000)
[board_modifier.py:85]: Setting D39 footprint position: (84200000, 113300000)
[board_modifier.py:64]: Searching for D38 footprint in C:\Users\serve844\Desktop\New folder\solarkey\SolarKey\SolarKey.kicad_pcb
[board_modifier.py:98]: Getting D38 footprint position: (65150000, 113300000)
[board_modifier.py:85]: Setting D38 footprint position: (65150000, 113300000)
[board_modifier.py:64]: Searching for D37 footprint in C:\Users\serve844\Desktop\New folder\solarkey\SolarKey\SolarKey.kicad_pcb
[board_modifier.py:98]: Getting D37 footprint position: (46100000, 113300000)
[board_modifier.py:85]: Setting D37 footprint position: (46100000, 113300000)
[board_modifier.py:64]: Searching for D36 footprint in C:\Users\serve844\Desktop\New folder\solarkey\SolarKey\SolarKey.kicad_pcb
[board_modifier.py:98]: Getting D36 footprint position: (255650000, 94250000)
[board_modifier.py:85]: Setting D36 footprint position: (255650000, 94250000)
[board_modifier.py:64]: Searching for D35 footprint in C:\Users\serve844\Desktop\New folder\solarkey\SolarKey\SolarKey.kicad_pcb
[board_modifier.py:98]: Getting D35 footprint position: (236600000, 94250000)
[board_modifier.py:85]: Setting D35 footprint position: (236600000, 94250000)
[board_modifier.py:64]: Searching for D34 footprint in C:\Users\serve844\Desktop\New folder\solarkey\SolarKey\SolarKey.kicad_pcb
[board_modifier.py:98]: Getting D34 footprint position: (217550000, 94250000)
[board_modifier.py:85]: Setting D34 footprint position: (217550000, 94250000)
[board_modifier.py:64]: Searching for D33 footprint in C:\Users\serve844\Desktop\New folder\solarkey\SolarKey\SolarKey.kicad_pcb
[board_modifier.py:98]: Getting D33 footprint position: (198500000, 94250000)
[board_modifier.py:85]: Setting D33 footprint position: (198500000, 94250000)
[board_modifier.py:64]: Searching for D32 footprint in C:\Users\serve844\Desktop\New folder\solarkey\SolarKey\SolarKey.kicad_pcb
[board_modifier.py:98]: Getting D32 footprint position: (179450000, 94250000)
[board_modifier.py:85]: Setting D32 footprint position: (179450000, 94250000)
[board_modifier.py:64]: Searching for D31 footprint in C:\Users\serve844\Desktop\New folder\solarkey\SolarKey\SolarKey.kicad_pcb
[board_modifier.py:98]: Getting D31 footprint position: (160400000, 94250000)
[board_modifier.py:85]: Setting D31 footprint position: (160400000, 94250000)
[board_modifier.py:64]: Searching for D30 footprint in C:\Users\serve844\Desktop\New folder\solarkey\SolarKey\SolarKey.kicad_pcb
[board_modifier.py:98]: Getting D30 footprint position: (141350000, 94250000)
[board_modifier.py:85]: Setting D30 footprint position: (141350000, 94250000)
[board_modifier.py:64]: Searching for D29 footprint in C:\Users\serve844\Desktop\New folder\solarkey\SolarKey\SolarKey.kicad_pcb
[board_modifier.py:98]: Getting D29 footprint position: (122300000, 94250000)
[board_modifier.py:85]: Setting D29 footprint position: (122300000, 94250000)
[board_modifier.py:64]: Searching for D28 footprint in C:\Users\serve844\Desktop\New folder\solarkey\SolarKey\SolarKey.kicad_pcb
[board_modifier.py:98]: Getting D28 footprint position: (103250000, 94250000)
[board_modifier.py:85]: Setting D28 footprint position: (103250000, 94250000)
[board_modifier.py:64]: Searching for D27 footprint in C:\Users\serve844\Desktop\New folder\solarkey\SolarKey\SolarKey.kicad_pcb
[board_modifier.py:98]: Getting D27 footprint position: (84200000, 94250000)
[board_modifier.py:85]: Setting D27 footprint position: (84200000, 94250000)
[board_modifier.py:64]: Searching for D26 footprint in C:\Users\serve844\Desktop\New folder\solarkey\SolarKey\SolarKey.kicad_pcb
[board_modifier.py:98]: Getting D26 footprint position: (65150000, 94250000)
[board_modifier.py:85]: Setting D26 footprint position: (65150000, 94250000)
[board_modifier.py:64]: Searching for D25 footprint in C:\Users\serve844\Desktop\New folder\solarkey\SolarKey\SolarKey.kicad_pcb
[board_modifier.py:98]: Getting D25 footprint position: (46100000, 94250000)
[board_modifier.py:85]: Setting D25 footprint position: (46100000, 94250000)
[board_modifier.py:64]: Searching for D24 footprint in C:\Users\serve844\Desktop\New folder\solarkey\SolarKey\SolarKey.kicad_pcb
[board_modifier.py:98]: Getting D24 footprint position: (255650000, 75200000)
[board_modifier.py:85]: Setting D24 footprint position: (255650000, 75200000)
[board_modifier.py:64]: Searching for D23 footprint in C:\Users\serve844\Desktop\New folder\solarkey\SolarKey\SolarKey.kicad_pcb
[board_modifier.py:98]: Getting D23 footprint position: (236600000, 75200000)
[board_modifier.py:85]: Setting D23 footprint position: (236600000, 75200000)
[board_modifier.py:64]: Searching for D22 footprint in C:\Users\serve844\Desktop\New folder\solarkey\SolarKey\SolarKey.kicad_pcb
[board_modifier.py:98]: Getting D22 footprint position: (217550000, 75200000)
[board_modifier.py:85]: Setting D22 footprint position: (217550000, 75200000)
[board_modifier.py:64]: Searching for D21 footprint in C:\Users\serve844\Desktop\New folder\solarkey\SolarKey\SolarKey.kicad_pcb
[board_modifier.py:98]: Getting D21 footprint position: (198500000, 75200000)
[board_modifier.py:85]: Setting D21 footprint position: (198500000, 75200000)
[board_modifier.py:64]: Searching for D20 footprint in C:\Users\serve844\Desktop\New folder\solarkey\SolarKey\SolarKey.kicad_pcb
[board_modifier.py:98]: Getting D20 footprint position: (179450000, 75200000)
[board_modifier.py:85]: Setting D20 footprint position: (179450000, 75200000)
[board_modifier.py:64]: Searching for D19 footprint in C:\Users\serve844\Desktop\New folder\solarkey\SolarKey\SolarKey.kicad_pcb
[board_modifier.py:98]: Getting D19 footprint position: (160400000, 75200000)
[board_modifier.py:85]: Setting D19 footprint position: (160400000, 75200000)
[board_modifier.py:64]: Searching for D18 footprint in C:\Users\serve844\Desktop\New folder\solarkey\SolarKey\SolarKey.kicad_pcb
[board_modifier.py:98]: Getting D18 footprint position: (141350000, 75200000)
[board_modifier.py:85]: Setting D18 footprint position: (141350000, 75200000)
[board_modifier.py:64]: Searching for D17 footprint in C:\Users\serve844\Desktop\New folder\solarkey\SolarKey\SolarKey.kicad_pcb
[board_modifier.py:98]: Getting D17 footprint position: (122300000, 75200000)
[board_modifier.py:85]: Setting D17 footprint position: (122300000, 75200000)
[board_modifier.py:64]: Searching for D16 footprint in C:\Users\serve844\Desktop\New folder\solarkey\SolarKey\SolarKey.kicad_pcb
[board_modifier.py:98]: Getting D16 footprint position: (103250000, 75200000)
[board_modifier.py:85]: Setting D16 footprint position: (103250000, 75200000)
[board_modifier.py:64]: Searching for D15 footprint in C:\Users\serve844\Desktop\New folder\solarkey\SolarKey\SolarKey.kicad_pcb
[board_modifier.py:98]: Getting D15 footprint position: (84200000, 75200000)
[board_modifier.py:85]: Setting D15 footprint position: (84200000, 75200000)
[board_modifier.py:64]: Searching for D14 footprint in C:\Users\serve844\Desktop\New folder\solarkey\SolarKey\SolarKey.kicad_pcb
[board_modifier.py:98]: Getting D14 footprint position: (65150000, 75200000)
[board_modifier.py:85]: Setting D14 footprint position: (65150000, 75200000)
[board_modifier.py:64]: Searching for D13 footprint in C:\Users\serve844\Desktop\New folder\solarkey\SolarKey\SolarKey.kicad_pcb
[board_modifier.py:98]: Getting D13 footprint position: (46100000, 75200000)
[board_modifier.py:85]: Setting D13 footprint position: (46100000, 75200000)
[board_modifier.py:64]: Searching for D12 footprint in C:\Users\serve844\Desktop\New folder\solarkey\SolarKey\SolarKey.kicad_pcb
[board_modifier.py:98]: Getting D12 footprint position: (255650000, 56150000)
[board_modifier.py:85]: Setting D12 footprint position: (255650000, 56150000)
[board_modifier.py:64]: Searching for D11 footprint in C:\Users\serve844\Desktop\New folder\solarkey\SolarKey\SolarKey.kicad_pcb
[board_modifier.py:98]: Getting D11 footprint position: (236600000, 56150000)
[board_modifier.py:85]: Setting D11 footprint position: (236600000, 56150000)
[board_modifier.py:64]: Searching for D10 footprint in C:\Users\serve844\Desktop\New folder\solarkey\SolarKey\SolarKey.kicad_pcb
[board_modifier.py:98]: Getting D10 footprint position: (217550000, 56150000)
[board_modifier.py:85]: Setting D10 footprint position: (217550000, 56150000)
[board_modifier.py:64]: Searching for D9 footprint in C:\Users\serve844\Desktop\New folder\solarkey\SolarKey\SolarKey.kicad_pcb
[board_modifier.py:98]: Getting D9 footprint position: (198500000, 56150000)
[board_modifier.py:85]: Setting D9 footprint position: (198500000, 56150000)
[board_modifier.py:64]: Searching for D8 footprint in C:\Users\serve844\Desktop\New folder\solarkey\SolarKey\SolarKey.kicad_pcb
[board_modifier.py:98]: Getting D8 footprint position: (179450000, 56150000)
[board_modifier.py:85]: Setting D8 footprint position: (179450000, 56150000)
[board_modifier.py:64]: Searching for D7 footprint in C:\Users\serve844\Desktop\New folder\solarkey\SolarKey\SolarKey.kicad_pcb
[board_modifier.py:98]: Getting D7 footprint position: (160400000, 56150000)
[board_modifier.py:85]: Setting D7 footprint position: (160400000, 56150000)
[board_modifier.py:64]: Searching for D6 footprint in C:\Users\serve844\Desktop\New folder\solarkey\SolarKey\SolarKey.kicad_pcb
[board_modifier.py:98]: Getting D6 footprint position: (141350000, 56150000)
[board_modifier.py:85]: Setting D6 footprint position: (141350000, 56150000)
[board_modifier.py:64]: Searching for D5 footprint in C:\Users\serve844\Desktop\New folder\solarkey\SolarKey\SolarKey.kicad_pcb
[board_modifier.py:98]: Getting D5 footprint position: (122300000, 56150000)
[board_modifier.py:85]: Setting D5 footprint position: (122300000, 56150000)
[board_modifier.py:64]: Searching for D4 footprint in C:\Users\serve844\Desktop\New folder\solarkey\SolarKey\SolarKey.kicad_pcb
[board_modifier.py:98]: Getting D4 footprint position: (103250000, 56150000)
[board_modifier.py:85]: Setting D4 footprint position: (103250000, 56150000)
[board_modifier.py:64]: Searching for D3 footprint in C:\Users\serve844\Desktop\New folder\solarkey\SolarKey\SolarKey.kicad_pcb
[board_modifier.py:98]: Getting D3 footprint position: (84200000, 56150000)
[board_modifier.py:85]: Setting D3 footprint position: (84200000, 56150000)
[board_modifier.py:64]: Searching for D2 footprint in C:\Users\serve844\Desktop\New folder\solarkey\SolarKey\SolarKey.kicad_pcb
[board_modifier.py:98]: Getting D2 footprint position: (65150000, 56150000)
[board_modifier.py:85]: Setting D2 footprint position: (65150000, 56150000)
[board_modifier.py:64]: Searching for D1 footprint in C:\Users\serve844\Desktop\New folder\solarkey\SolarKey\SolarKey.kicad_pcb
[board_modifier.py:98]: Getting D1 footprint position: (46100000, 56150000)
[board_modifier.py:85]: Setting D1 footprint position: (46100000, 56150000)
